<?xml version="1.0" encoding="UTF-8"?>
<testsuite name="com.homedepot.supplychain.enterpriselabormanagement.EnterpriseLaborManagementApplicationTests" tests="5" skipped="0" failures="0" errors="0" timestamp="2024-07-19T13:35:02" hostname="HN4259XQGN" time="26.624">
  <properties/>
  <testcase name="testValidMessageComplex()" classname="com.homedepot.supplychain.enterpriselabormanagement.EnterpriseLaborManagementApplicationTests" time="6.08"/>
  <testcase name="testInvalidMessage()" classname="com.homedepot.supplychain.enterpriselabormanagement.EnterpriseLaborManagementApplicationTests" time="5.124"/>
  <testcase name="testValidMessageReplenishmentAllocation()" classname="com.homedepot.supplychain.enterpriselabormanagement.EnterpriseLaborManagementApplicationTests" time="5.14"/>
  <testcase name="testValidMessagePickLpnFromActive()" classname="com.homedepot.supplychain.enterpriselabormanagement.EnterpriseLaborManagementApplicationTests" time="5.142"/>
  <testcase name="testValidMessageIndirect()" classname="com.homedepot.supplychain.enterpriselabormanagement.EnterpriseLaborManagementApplicationTests" time="5.133"/>
  <system-out><![CDATA[19:04:55.862 [Test worker] DEBUG org.testcontainers.utility.TestcontainersConfiguration -- Testcontainers configuration overrides will be loaded from file:/Users/shibsankarmitra/.testcontainers.properties
19:04:55.868 [Test worker] INFO org.testcontainers.images.PullPolicy -- Image pull policy will be performed by: DefaultPullPolicy()
19:04:55.870 [Test worker] INFO org.testcontainers.utility.ImageNameSubstitutor -- Image name substitution will be performed by: DefaultImageNameSubstitutor (composite of 'ConfigurationFileImageNameSubstitutor' and 'PrefixingImageNameSubstitutor')
19:04:56.057 [Test worker] INFO org.testcontainers.dockerclient.DockerClientProviderStrategy -- Loaded org.testcontainers.dockerclient.UnixSocketClientProviderStrategy from ~/.testcontainers.properties, will try it first
19:04:56.067 [Test worker] DEBUG org.testcontainers.dockerclient.DockerClientProviderStrategy -- Trying out strategy: UnixSocketClientProviderStrategy
19:04:56.159 [Test worker] DEBUG org.testcontainers.shaded.com.github.dockerjava.core.command.AbstrDockerCmd -- Cmd: 
19:04:56.176 [Test worker] DEBUG com.github.dockerjava.zerodep.shaded.org.apache.hc.client5.http.impl.classic.InternalHttpClient -- ex-00000001: preparing request execution
19:04:56.179 [Test worker] DEBUG com.github.dockerjava.zerodep.shaded.org.apache.hc.client5.http.protocol.RequestAddCookies -- Cookie spec selected: strict
19:04:56.181 [Test worker] DEBUG com.github.dockerjava.zerodep.shaded.org.apache.hc.client5.http.protocol.RequestAuthCache -- Auth cache not set in the context
19:04:56.181 [Test worker] DEBUG com.github.dockerjava.zerodep.shaded.org.apache.hc.client5.http.impl.classic.ProtocolExec -- ex-00000001: target auth state: UNCHALLENGED
19:04:56.181 [Test worker] DEBUG com.github.dockerjava.zerodep.shaded.org.apache.hc.client5.http.impl.classic.ProtocolExec -- ex-00000001: proxy auth state: UNCHALLENGED
19:04:56.182 [Test worker] DEBUG com.github.dockerjava.zerodep.shaded.org.apache.hc.client5.http.impl.classic.ConnectExec -- ex-00000001: acquiring connection with route {}->unix://localhost:2375
19:04:56.182 [Test worker] DEBUG com.github.dockerjava.zerodep.shaded.org.apache.hc.client5.http.impl.classic.InternalHttpClient -- ex-00000001: acquiring endpoint (3 MINUTES)
19:04:56.182 [Test worker] DEBUG com.github.dockerjava.zerodep.shaded.org.apache.hc.client5.http.impl.io.PoolingHttpClientConnectionManager -- ex-00000001: endpoint lease request (3 MINUTES) [route: {}->unix://localhost:2375][total available: 0; route allocated: 0 of 2147483647; total allocated: 0 of 2147483647]
19:04:56.185 [Test worker] DEBUG com.github.dockerjava.zerodep.shaded.org.apache.hc.client5.http.impl.io.PoolingHttpClientConnectionManager -- ex-00000001: endpoint leased [route: {}->unix://localhost:2375][total available: 0; route allocated: 1 of 2147483647; total allocated: 1 of 2147483647]
19:04:56.192 [Test worker] DEBUG com.github.dockerjava.zerodep.shaded.org.apache.hc.client5.http.impl.io.PoolingHttpClientConnectionManager -- ex-00000001: acquired ep-00000000
19:04:56.192 [Test worker] DEBUG com.github.dockerjava.zerodep.shaded.org.apache.hc.client5.http.impl.classic.InternalHttpClient -- ex-00000001: acquired endpoint ep-00000000
19:04:56.192 [Test worker] DEBUG com.github.dockerjava.zerodep.shaded.org.apache.hc.client5.http.impl.classic.ConnectExec -- ex-00000001: opening connection {}->unix://localhost:2375
19:04:56.192 [Test worker] DEBUG com.github.dockerjava.zerodep.shaded.org.apache.hc.client5.http.impl.classic.InternalHttpClient -- ep-00000000: connecting endpoint (3 MINUTES)
19:04:56.192 [Test worker] DEBUG com.github.dockerjava.zerodep.shaded.org.apache.hc.client5.http.impl.io.PoolingHttpClientConnectionManager -- ep-00000000: connecting endpoint to unix://localhost:2375 (3 MINUTES)
19:04:56.194 [Test worker] DEBUG com.github.dockerjava.zerodep.shaded.org.apache.hc.client5.http.impl.io.DefaultHttpClientConnectionOperator -- http-outgoing-0: connecting to localhost/127.0.0.1:2375
19:04:56.194 [Test worker] DEBUG com.github.dockerjava.zerodep.shaded.org.apache.hc.client5.http.impl.io.DefaultHttpClientConnectionOperator -- http-outgoing-0: connection established /var/run/docker.sock<->/var/run/docker.sock
19:04:56.194 [Test worker] DEBUG com.github.dockerjava.zerodep.shaded.org.apache.hc.client5.http.impl.io.PoolingHttpClientConnectionManager -- ep-00000000: connected http-outgoing-0
19:04:56.195 [Test worker] DEBUG com.github.dockerjava.zerodep.shaded.org.apache.hc.client5.http.impl.classic.InternalHttpClient -- ep-00000000: endpoint connected
19:04:56.195 [Test worker] DEBUG com.github.dockerjava.zerodep.shaded.org.apache.hc.client5.http.impl.classic.MainClientExec -- ex-00000001: executing GET /v1.32/info HTTP/1.1
19:04:56.195 [Test worker] DEBUG com.github.dockerjava.zerodep.shaded.org.apache.hc.client5.http.impl.classic.InternalHttpClient -- ep-00000000: start execution ex-00000001
19:04:56.195 [Test worker] DEBUG com.github.dockerjava.zerodep.shaded.org.apache.hc.client5.http.impl.io.PoolingHttpClientConnectionManager -- ep-00000000: executing exchange ex-00000001 over http-outgoing-0
19:04:56.196 [Test worker] DEBUG com.github.dockerjava.zerodep.shaded.org.apache.hc.client5.http.headers -- http-outgoing-0 >> GET /v1.32/info HTTP/1.1
19:04:56.196 [Test worker] DEBUG com.github.dockerjava.zerodep.shaded.org.apache.hc.client5.http.headers -- http-outgoing-0 >> x-tc-sid: 1f399f0d-7ab6-47d2-bedc-41c5596e41f8
19:04:56.196 [Test worker] DEBUG com.github.dockerjava.zerodep.shaded.org.apache.hc.client5.http.headers -- http-outgoing-0 >> User-Agent: tc-java/1.19.1
19:04:56.196 [Test worker] DEBUG com.github.dockerjava.zerodep.shaded.org.apache.hc.client5.http.headers -- http-outgoing-0 >> Accept-Encoding: gzip, x-gzip, deflate
19:04:56.196 [Test worker] DEBUG com.github.dockerjava.zerodep.shaded.org.apache.hc.client5.http.headers -- http-outgoing-0 >> Host: localhost:2375
19:04:56.196 [Test worker] DEBUG com.github.dockerjava.zerodep.shaded.org.apache.hc.client5.http.headers -- http-outgoing-0 >> Connection: keep-alive
19:04:56.196 [Test worker] DEBUG com.github.dockerjava.zerodep.shaded.org.apache.hc.client5.http.wire -- http-outgoing-0 >> "GET /v1.32/info HTTP/1.1[\r][\n]"
19:04:56.196 [Test worker] DEBUG com.github.dockerjava.zerodep.shaded.org.apache.hc.client5.http.wire -- http-outgoing-0 >> "x-tc-sid: 1f399f0d-7ab6-47d2-bedc-41c5596e41f8[\r][\n]"
19:04:56.196 [Test worker] DEBUG com.github.dockerjava.zerodep.shaded.org.apache.hc.client5.http.wire -- http-outgoing-0 >> "User-Agent: tc-java/1.19.1[\r][\n]"
19:04:56.196 [Test worker] DEBUG com.github.dockerjava.zerodep.shaded.org.apache.hc.client5.http.wire -- http-outgoing-0 >> "Accept-Encoding: gzip, x-gzip, deflate[\r][\n]"
19:04:56.196 [Test worker] DEBUG com.github.dockerjava.zerodep.shaded.org.apache.hc.client5.http.wire -- http-outgoing-0 >> "Host: localhost:2375[\r][\n]"
19:04:56.196 [Test worker] DEBUG com.github.dockerjava.zerodep.shaded.org.apache.hc.client5.http.wire -- http-outgoing-0 >> "Connection: keep-alive[\r][\n]"
19:04:56.196 [Test worker] DEBUG com.github.dockerjava.zerodep.shaded.org.apache.hc.client5.http.wire -- http-outgoing-0 >> "[\r][\n]"
19:04:56.208 [Test worker] DEBUG com.github.dockerjava.zerodep.shaded.org.apache.hc.client5.http.wire -- http-outgoing-0 << "HTTP/1.1 200 OK[\r][\n]"
19:04:56.209 [Test worker] DEBUG com.github.dockerjava.zerodep.shaded.org.apache.hc.client5.http.wire -- http-outgoing-0 << "Api-Version: 1.45[\r][\n]"
19:04:56.209 [Test worker] DEBUG com.github.dockerjava.zerodep.shaded.org.apache.hc.client5.http.wire -- http-outgoing-0 << "Content-Type: application/json[\r][\n]"
19:04:56.209 [Test worker] DEBUG com.github.dockerjava.zerodep.shaded.org.apache.hc.client5.http.wire -- http-outgoing-0 << "Date: Fri, 19 Jul 2024 13:34:56 GMT[\r][\n]"
19:04:56.209 [Test worker] DEBUG com.github.dockerjava.zerodep.shaded.org.apache.hc.client5.http.wire -- http-outgoing-0 << "Docker-Experimental: false[\r][\n]"
19:04:56.209 [Test worker] DEBUG com.github.dockerjava.zerodep.shaded.org.apache.hc.client5.http.wire -- http-outgoing-0 << "Ostype: linux[\r][\n]"
19:04:56.209 [Test worker] DEBUG com.github.dockerjava.zerodep.shaded.org.apache.hc.client5.http.wire -- http-outgoing-0 << "Server: Docker/26.1.4 (linux)[\r][\n]"
19:04:56.209 [Test worker] DEBUG com.github.dockerjava.zerodep.shaded.org.apache.hc.client5.http.wire -- http-outgoing-0 << "Transfer-Encoding: chunked[\r][\n]"
19:04:56.209 [Test worker] DEBUG com.github.dockerjava.zerodep.shaded.org.apache.hc.client5.http.wire -- http-outgoing-0 << "[\r][\n]"
19:04:56.210 [Test worker] DEBUG com.github.dockerjava.zerodep.shaded.org.apache.hc.client5.http.headers -- http-outgoing-0 << HTTP/1.1 200 OK
19:04:56.210 [Test worker] DEBUG com.github.dockerjava.zerodep.shaded.org.apache.hc.client5.http.headers -- http-outgoing-0 << Api-Version: 1.45
19:04:56.210 [Test worker] DEBUG com.github.dockerjava.zerodep.shaded.org.apache.hc.client5.http.headers -- http-outgoing-0 << Content-Type: application/json
19:04:56.210 [Test worker] DEBUG com.github.dockerjava.zerodep.shaded.org.apache.hc.client5.http.headers -- http-outgoing-0 << Date: Fri, 19 Jul 2024 13:34:56 GMT
19:04:56.210 [Test worker] DEBUG com.github.dockerjava.zerodep.shaded.org.apache.hc.client5.http.headers -- http-outgoing-0 << Docker-Experimental: false
19:04:56.210 [Test worker] DEBUG com.github.dockerjava.zerodep.shaded.org.apache.hc.client5.http.headers -- http-outgoing-0 << Ostype: linux
19:04:56.210 [Test worker] DEBUG com.github.dockerjava.zerodep.shaded.org.apache.hc.client5.http.headers -- http-outgoing-0 << Server: Docker/26.1.4 (linux)
19:04:56.210 [Test worker] DEBUG com.github.dockerjava.zerodep.shaded.org.apache.hc.client5.http.headers -- http-outgoing-0 << Transfer-Encoding: chunked
19:04:56.212 [Test worker] DEBUG com.github.dockerjava.zerodep.shaded.org.apache.hc.client5.http.impl.classic.MainClientExec -- ex-00000001: connection can be kept alive for 3 MINUTES
19:04:56.214 [Test worker] DEBUG com.github.dockerjava.zerodep.shaded.org.apache.hc.client5.http.wire -- http-outgoing-0 << "9b8[\r][\n]"
19:04:56.214 [Test worker] DEBUG com.github.dockerjava.zerodep.shaded.org.apache.hc.client5.http.wire -- http-outgoing-0 << "{"ID":"d8dde810-87da-482f-bd45-f3ae149f3e9d","Containers":2,"ContainersRunning":0,"ContainersPaused":0,"ContainersStopped":2,"Images":3,"Driver":"overlayfs","DriverStatus":[["driver-type","io.containerd.snapshotter.v1"]],"Plugins":{"Volume":["local"],"Network":["bridge","host","ipvlan","macvlan","null","overlay"],"Authorization":null,"Log":["awslogs","fluentd","gcplogs","gelf","journald","json-file","local","splunk","syslog"]},"MemoryLimit":true,"SwapLimit":true,"CpuCfsPeriod":true,"CpuCfsQuota":true,"CPUShares":true,"CPUSet":true,"PidsLimit":true,"IPv4Forwarding":true,"BridgeNfIptables":true,"BridgeNfIp6tables":true,"Debug":false,"NFd":52,"OomKillDisable":false,"NGoroutines":82,"SystemTime":"2024-07-19T13:34:56.19866088Z","LoggingDriver":"json-file","CgroupDriver":"cgroupfs","CgroupVersion":"2","NEventsListener":13,"KernelVersion":"6.6.31-linuxkit","OperatingSystem":"Docker Desktop","OSVersion":"","OSType":"linux","Architecture":"aarch64","IndexServerAddress":"https://index.docker.io/v1/","RegistryConfig":{"AllowNondistributableArtifactsCIDRs":null,"AllowNondistributableArtifactsHostnames":null,"InsecureRegistryCIDRs":["127.0.0.0/8"],"IndexConfigs":{"docker.io":{"Name":"docker.io","Mirrors":[],"Secure":true,"Official":true},"hubproxy.docker.internal:5555":{"Name":"hubproxy.docker.internal:5555","Mirrors":[],"Secure":false,"Official":false}},"Mirrors":null},"NCPU":12,"MemTotal":8221421568,"GenericResources":null,"DockerRootDir":"/var/lib/docker","HttpProxy":"http.docker.internal:3128","HttpsProxy":"http.docker.internal:3128","NoProxy":"hubproxy.docker.internal","Name":"docker-desktop","Labels":["com.docker.desktop.address=unix:///Users/shibsankarmitra/Library/Containers/com.docker.docker/Data/docker-cli.sock"],"ExperimentalBuild":false,"ServerVersion":"26.1.4","Runtimes":{"io.containerd.runc.v2":{"path":"runc"},"runc":{"path":"runc"}},"DefaultRuntime":"runc","Swarm":{"NodeID":"","NodeAddr":"","LocalNodeState":"inactive","ControlAvailable":false,"Error":"","RemoteManagers":null},"LiveRestoreEnabled":false,"Isolation":"","InitBinary":"docker-init","ContainerdCommit":{"ID":"d2d58213f83a351ca8f528a95fbd145f5654e957","Expected":"d2d58213f83a351ca8f528a95fbd145f5654e957"},"RuncCommit":{"ID":"v1.1.12-0-g51d5e94","Expected":"v1.1.12-0-g51d5e94"},"InitCommit":{"ID":"de40ad0","Expected":"de40ad0"},"SecurityOptions":["name=seccomp,profile=unconfined","name=cgroupns"],"CDISpecDirs":[],"Warnings":["WARNING: daemon is not using the default seccomp profile"]}[\r][\n]"
19:04:56.214 [Test worker] DEBUG com.github.dockerjava.zerodep.shaded.org.apache.hc.client5.http.wire -- http-outgoing-0 << "0[\r][\n]"
19:04:56.214 [Test worker] DEBUG com.github.dockerjava.zerodep.shaded.org.apache.hc.client5.http.wire -- http-outgoing-0 << "[\r][\n]"
19:04:56.246 [Test worker] DEBUG com.github.dockerjava.zerodep.shaded.org.apache.hc.client5.http.impl.classic.InternalHttpClient -- ep-00000000: releasing valid endpoint
19:04:56.246 [Test worker] DEBUG com.github.dockerjava.zerodep.shaded.org.apache.hc.client5.http.impl.io.PoolingHttpClientConnectionManager -- ep-00000000: releasing endpoint
19:04:56.246 [Test worker] DEBUG com.github.dockerjava.zerodep.shaded.org.apache.hc.client5.http.impl.io.PoolingHttpClientConnectionManager -- ep-00000000: connection http-outgoing-0 can be kept alive for 3 MINUTES
19:04:56.247 [Test worker] DEBUG com.github.dockerjava.zerodep.shaded.org.apache.hc.client5.http.impl.io.PoolingHttpClientConnectionManager -- ep-00000000: connection released [route: {}->unix://localhost:2375][total available: 1; route allocated: 1 of 2147483647; total allocated: 1 of 2147483647]
19:04:56.247 [Test worker] INFO org.testcontainers.dockerclient.DockerClientProviderStrategy -- Found Docker environment with local Unix socket (unix:///var/run/docker.sock)
19:04:56.247 [Test worker] DEBUG org.testcontainers.dockerclient.DockerClientProviderStrategy -- Transport type: 'httpclient5', Docker host: 'unix:///var/run/docker.sock'
19:04:56.247 [Test worker] DEBUG org.testcontainers.dockerclient.DockerClientProviderStrategy -- Checking Docker OS type for local Unix socket (unix:///var/run/docker.sock)
19:04:56.248 [Test worker] INFO org.testcontainers.DockerClientFactory -- Docker host IP address is localhost
19:04:56.248 [Test worker] DEBUG org.testcontainers.DockerClientFactory -- Docker info: {CDISpecDirs=[], NGoroutines=82, Name=docker-desktop, Swarm={NodeID=, NodeAddr=, LocalNodeState=inactive, ControlAvailable=false, Error=, RemoteManagers=null}, RuncCommit={ID=v1.1.12-0-g51d5e94, Expected=v1.1.12-0-g51d5e94}, OSVersion=, Runtimes={io.containerd.runc.v2={path=runc}, runc={path=runc}}, ID=d8dde810-87da-482f-bd45-f3ae149f3e9d, DriverStatus=[[driver-type, io.containerd.snapshotter.v1]], BridgeNfIptables=true, LiveRestoreEnabled=false, SystemTime=2024-07-19T13:34:56.19866088Z, NoProxy=hubproxy.docker.internal, Architecture=aarch64, NEventsListener=13, HttpsProxy=http.docker.internal:3128, Images=3, ContainersRunning=0, Labels=[com.docker.desktop.address=unix:///Users/shibsankarmitra/Library/Containers/com.docker.docker/Data/docker-cli.sock], InitCommit={ID=de40ad0, Expected=de40ad0}, NFd=52, KernelVersion=6.6.31-linuxkit, LoggingDriver=json-file, OSType=linux, SecurityOptions=[name=seccomp,profile=unconfined, name=cgroupns], ContainerdCommit={ID=d2d58213f83a351ca8f528a95fbd145f5654e957, Expected=d2d58213f83a351ca8f528a95fbd145f5654e957}, GenericResources=null, OperatingSystem=Docker Desktop, RegistryConfig={AllowNondistributableArtifactsCIDRs=null, AllowNondistributableArtifactsHostnames=null, InsecureRegistryCIDRs=[127.0.0.0/8], IndexConfigs={docker.io={Name=docker.io, Mirrors=[], Secure=true, Official=true}, hubproxy.docker.internal:5555={Name=hubproxy.docker.internal:5555, Mirrors=[], Secure=false, Official=false}}, Mirrors=null}, ServerVersion=26.1.4, OomKillDisable=false, CpuCfsQuota=true, Containers=2, Driver=overlayfs, IPv4Forwarding=true, ExperimentalBuild=false, DockerRootDir=/var/lib/docker, CPUSet=true, CpuCfsPeriod=true, DefaultRuntime=runc, CPUShares=true, Debug=false, NCPU=12, Plugins={Volume=[local], Network=[bridge, host, ipvlan, macvlan, null, overlay], Authorization=null, Log=[awslogs, fluentd, gcplogs, gelf, journald, json-file, local, splunk, syslog]}, SwapLimit=true, CgroupDriver=cgroupfs, ContainersPaused=0, MemTotal=8221421568, IndexServerAddress=https://index.docker.io/v1/, MemoryLimit=true, HttpProxy=http.docker.internal:3128, InitBinary=docker-init, CgroupVersion=2, PidsLimit=true, Isolation=, BridgeNfIp6tables=true, Warnings=[WARNING: daemon is not using the default seccomp profile], ContainersStopped=2}
19:04:56.249 [Test worker] DEBUG org.testcontainers.shaded.com.github.dockerjava.core.command.AbstrDockerCmd -- Cmd: 
19:04:56.250 [Test worker] DEBUG com.github.dockerjava.zerodep.shaded.org.apache.hc.client5.http.impl.classic.InternalHttpClient -- ex-00000002: preparing request execution
19:04:56.250 [Test worker] DEBUG com.github.dockerjava.zerodep.shaded.org.apache.hc.client5.http.protocol.RequestAddCookies -- Cookie spec selected: strict
19:04:56.250 [Test worker] DEBUG com.github.dockerjava.zerodep.shaded.org.apache.hc.client5.http.protocol.RequestAuthCache -- Auth cache not set in the context
19:04:56.250 [Test worker] DEBUG com.github.dockerjava.zerodep.shaded.org.apache.hc.client5.http.impl.classic.ProtocolExec -- ex-00000002: target auth state: UNCHALLENGED
19:04:56.250 [Test worker] DEBUG com.github.dockerjava.zerodep.shaded.org.apache.hc.client5.http.impl.classic.ProtocolExec -- ex-00000002: proxy auth state: UNCHALLENGED
19:04:56.250 [Test worker] DEBUG com.github.dockerjava.zerodep.shaded.org.apache.hc.client5.http.impl.classic.ConnectExec -- ex-00000002: acquiring connection with route {}->unix://localhost:2375
19:04:56.250 [Test worker] DEBUG com.github.dockerjava.zerodep.shaded.org.apache.hc.client5.http.impl.classic.InternalHttpClient -- ex-00000002: acquiring endpoint (3 MINUTES)
19:04:56.250 [Test worker] DEBUG com.github.dockerjava.zerodep.shaded.org.apache.hc.client5.http.impl.io.PoolingHttpClientConnectionManager -- ex-00000002: endpoint lease request (3 MINUTES) [route: {}->unix://localhost:2375][total available: 1; route allocated: 1 of 2147483647; total allocated: 1 of 2147483647]
19:04:56.251 [Test worker] DEBUG com.github.dockerjava.zerodep.shaded.org.apache.hc.client5.http.impl.io.PoolingHttpClientConnectionManager -- ex-00000002: endpoint leased [route: {}->unix://localhost:2375][total available: 0; route allocated: 1 of 2147483647; total allocated: 1 of 2147483647]
19:04:56.251 [Test worker] DEBUG com.github.dockerjava.zerodep.shaded.org.apache.hc.client5.http.impl.io.PoolingHttpClientConnectionManager -- ex-00000002: acquired ep-00000001
19:04:56.251 [Test worker] DEBUG com.github.dockerjava.zerodep.shaded.org.apache.hc.client5.http.impl.classic.InternalHttpClient -- ex-00000002: acquired endpoint ep-00000001
19:04:56.251 [Test worker] DEBUG com.github.dockerjava.zerodep.shaded.org.apache.hc.client5.http.impl.classic.MainClientExec -- ex-00000002: executing GET /v1.32/version HTTP/1.1
19:04:56.251 [Test worker] DEBUG com.github.dockerjava.zerodep.shaded.org.apache.hc.client5.http.impl.classic.InternalHttpClient -- ep-00000001: start execution ex-00000002
19:04:56.251 [Test worker] DEBUG com.github.dockerjava.zerodep.shaded.org.apache.hc.client5.http.impl.io.PoolingHttpClientConnectionManager -- ep-00000001: executing exchange ex-00000002 over http-outgoing-0
19:04:56.251 [Test worker] DEBUG com.github.dockerjava.zerodep.shaded.org.apache.hc.client5.http.headers -- http-outgoing-0 >> GET /v1.32/version HTTP/1.1
19:04:56.251 [Test worker] DEBUG com.github.dockerjava.zerodep.shaded.org.apache.hc.client5.http.headers -- http-outgoing-0 >> accept: application/json
19:04:56.251 [Test worker] DEBUG com.github.dockerjava.zerodep.shaded.org.apache.hc.client5.http.headers -- http-outgoing-0 >> x-tc-sid: 1f399f0d-7ab6-47d2-bedc-41c5596e41f8
19:04:56.251 [Test worker] DEBUG com.github.dockerjava.zerodep.shaded.org.apache.hc.client5.http.headers -- http-outgoing-0 >> User-Agent: tc-java/1.19.1
19:04:56.251 [Test worker] DEBUG com.github.dockerjava.zerodep.shaded.org.apache.hc.client5.http.headers -- http-outgoing-0 >> Accept-Encoding: gzip, x-gzip, deflate
19:04:56.251 [Test worker] DEBUG com.github.dockerjava.zerodep.shaded.org.apache.hc.client5.http.headers -- http-outgoing-0 >> Host: localhost:2375
19:04:56.251 [Test worker] DEBUG com.github.dockerjava.zerodep.shaded.org.apache.hc.client5.http.headers -- http-outgoing-0 >> Connection: keep-alive
19:04:56.251 [Test worker] DEBUG com.github.dockerjava.zerodep.shaded.org.apache.hc.client5.http.wire -- http-outgoing-0 >> "GET /v1.32/version HTTP/1.1[\r][\n]"
19:04:56.251 [Test worker] DEBUG com.github.dockerjava.zerodep.shaded.org.apache.hc.client5.http.wire -- http-outgoing-0 >> "accept: application/json[\r][\n]"
19:04:56.251 [Test worker] DEBUG com.github.dockerjava.zerodep.shaded.org.apache.hc.client5.http.wire -- http-outgoing-0 >> "x-tc-sid: 1f399f0d-7ab6-47d2-bedc-41c5596e41f8[\r][\n]"
19:04:56.251 [Test worker] DEBUG com.github.dockerjava.zerodep.shaded.org.apache.hc.client5.http.wire -- http-outgoing-0 >> "User-Agent: tc-java/1.19.1[\r][\n]"
19:04:56.251 [Test worker] DEBUG com.github.dockerjava.zerodep.shaded.org.apache.hc.client5.http.wire -- http-outgoing-0 >> "Accept-Encoding: gzip, x-gzip, deflate[\r][\n]"
19:04:56.251 [Test worker] DEBUG com.github.dockerjava.zerodep.shaded.org.apache.hc.client5.http.wire -- http-outgoing-0 >> "Host: localhost:2375[\r][\n]"
19:04:56.251 [Test worker] DEBUG com.github.dockerjava.zerodep.shaded.org.apache.hc.client5.http.wire -- http-outgoing-0 >> "Connection: keep-alive[\r][\n]"
19:04:56.251 [Test worker] DEBUG com.github.dockerjava.zerodep.shaded.org.apache.hc.client5.http.wire -- http-outgoing-0 >> "[\r][\n]"
19:04:56.264 [Test worker] DEBUG com.github.dockerjava.zerodep.shaded.org.apache.hc.client5.http.wire -- http-outgoing-0 << "HTTP/1.1 200 OK[\r][\n]"
19:04:56.264 [Test worker] DEBUG com.github.dockerjava.zerodep.shaded.org.apache.hc.client5.http.wire -- http-outgoing-0 << "Api-Version: 1.45[\r][\n]"
19:04:56.264 [Test worker] DEBUG com.github.dockerjava.zerodep.shaded.org.apache.hc.client5.http.wire -- http-outgoing-0 << "Content-Type: application/json[\r][\n]"
19:04:56.264 [Test worker] DEBUG com.github.dockerjava.zerodep.shaded.org.apache.hc.client5.http.wire -- http-outgoing-0 << "Date: Fri, 19 Jul 2024 13:34:56 GMT[\r][\n]"
19:04:56.264 [Test worker] DEBUG com.github.dockerjava.zerodep.shaded.org.apache.hc.client5.http.wire -- http-outgoing-0 << "Docker-Experimental: false[\r][\n]"
19:04:56.264 [Test worker] DEBUG com.github.dockerjava.zerodep.shaded.org.apache.hc.client5.http.wire -- http-outgoing-0 << "Ostype: linux[\r][\n]"
19:04:56.264 [Test worker] DEBUG com.github.dockerjava.zerodep.shaded.org.apache.hc.client5.http.wire -- http-outgoing-0 << "Server: Docker/26.1.4 (linux)[\r][\n]"
19:04:56.264 [Test worker] DEBUG com.github.dockerjava.zerodep.shaded.org.apache.hc.client5.http.wire -- http-outgoing-0 << "Transfer-Encoding: chunked[\r][\n]"
19:04:56.264 [Test worker] DEBUG com.github.dockerjava.zerodep.shaded.org.apache.hc.client5.http.wire -- http-outgoing-0 << "[\r][\n]"
19:04:56.264 [Test worker] DEBUG com.github.dockerjava.zerodep.shaded.org.apache.hc.client5.http.headers -- http-outgoing-0 << HTTP/1.1 200 OK
19:04:56.264 [Test worker] DEBUG com.github.dockerjava.zerodep.shaded.org.apache.hc.client5.http.headers -- http-outgoing-0 << Api-Version: 1.45
19:04:56.264 [Test worker] DEBUG com.github.dockerjava.zerodep.shaded.org.apache.hc.client5.http.headers -- http-outgoing-0 << Content-Type: application/json
19:04:56.264 [Test worker] DEBUG com.github.dockerjava.zerodep.shaded.org.apache.hc.client5.http.headers -- http-outgoing-0 << Date: Fri, 19 Jul 2024 13:34:56 GMT
19:04:56.264 [Test worker] DEBUG com.github.dockerjava.zerodep.shaded.org.apache.hc.client5.http.headers -- http-outgoing-0 << Docker-Experimental: false
19:04:56.264 [Test worker] DEBUG com.github.dockerjava.zerodep.shaded.org.apache.hc.client5.http.headers -- http-outgoing-0 << Ostype: linux
19:04:56.264 [Test worker] DEBUG com.github.dockerjava.zerodep.shaded.org.apache.hc.client5.http.headers -- http-outgoing-0 << Server: Docker/26.1.4 (linux)
19:04:56.264 [Test worker] DEBUG com.github.dockerjava.zerodep.shaded.org.apache.hc.client5.http.headers -- http-outgoing-0 << Transfer-Encoding: chunked
19:04:56.264 [Test worker] DEBUG com.github.dockerjava.zerodep.shaded.org.apache.hc.client5.http.impl.classic.MainClientExec -- ex-00000002: connection can be kept alive for 3 MINUTES
19:04:56.264 [Test worker] DEBUG com.github.dockerjava.zerodep.shaded.org.apache.hc.client5.http.wire -- http-outgoing-0 << "33b[\r][\n]"
19:04:56.264 [Test worker] DEBUG com.github.dockerjava.zerodep.shaded.org.apache.hc.client5.http.wire -- http-outgoing-0 << "{"Platform":{"Name":"Docker Desktop 4.31.0 (153195)"},"Components":[{"Name":"Engine","Version":"26.1.4","Details":{"ApiVersion":"1.45","Arch":"arm64","BuildTime":"2024-06-05T11:29:12.000000000+00:00","Experimental":"false","GitCommit":"de5c9cf","GoVersion":"go1.21.11","KernelVersion":"6.6.31-linuxkit","MinAPIVersion":"1.24","Os":"linux"}},{"Name":"containerd","Version":"1.6.33","Details":{"GitCommit":"d2d58213f83a351ca8f528a95fbd145f5654e957"}},{"Name":"runc","Version":"1.1.12","Details":{"GitCommit":"v1.1.12-0-g51d5e94"}},{"Name":"docker-init","Version":"0.19.0","Details":{"GitCommit":"de40ad0"}}],"Version":"26.1.4","ApiVersion":"1.45","MinAPIVersion":"1.24","GitCommit":"de5c9cf","GoVersion":"go1.21.11","Os":"linux","Arch":"arm64","KernelVersion":"6.6.31-linuxkit","BuildTime":"2024-06-05T11:29:12.000000000+00:00"}[\n]"
19:04:56.265 [Test worker] DEBUG com.github.dockerjava.zerodep.shaded.org.apache.hc.client5.http.wire -- http-outgoing-0 << "[\r][\n]"
19:04:56.265 [Test worker] DEBUG com.github.dockerjava.zerodep.shaded.org.apache.hc.client5.http.wire -- http-outgoing-0 << "0[\r][\n]"
19:04:56.265 [Test worker] DEBUG com.github.dockerjava.zerodep.shaded.org.apache.hc.client5.http.wire -- http-outgoing-0 << "[\r][\n]"
19:04:56.268 [Test worker] DEBUG com.github.dockerjava.zerodep.shaded.org.apache.hc.client5.http.impl.classic.InternalHttpClient -- ep-00000001: releasing valid endpoint
19:04:56.268 [Test worker] DEBUG com.github.dockerjava.zerodep.shaded.org.apache.hc.client5.http.impl.io.PoolingHttpClientConnectionManager -- ep-00000001: releasing endpoint
19:04:56.268 [Test worker] DEBUG com.github.dockerjava.zerodep.shaded.org.apache.hc.client5.http.impl.io.PoolingHttpClientConnectionManager -- ep-00000001: connection http-outgoing-0 can be kept alive for 3 MINUTES
19:04:56.268 [Test worker] DEBUG com.github.dockerjava.zerodep.shaded.org.apache.hc.client5.http.impl.io.PoolingHttpClientConnectionManager -- ep-00000001: connection released [route: {}->unix://localhost:2375][total available: 1; route allocated: 1 of 2147483647; total allocated: 1 of 2147483647]
19:04:56.268 [Test worker] DEBUG org.testcontainers.DockerClientFactory -- Docker version: {Components=[{Name=Engine, Version=26.1.4, Details={ApiVersion=1.45, Arch=arm64, BuildTime=2024-06-05T11:29:12.000000000+00:00, Experimental=false, GitCommit=de5c9cf, GoVersion=go1.21.11, KernelVersion=6.6.31-linuxkit, MinAPIVersion=1.24, Os=linux}}, {Name=containerd, Version=1.6.33, Details={GitCommit=d2d58213f83a351ca8f528a95fbd145f5654e957}}, {Name=runc, Version=1.1.12, Details={GitCommit=v1.1.12-0-g51d5e94}}, {Name=docker-init, Version=0.19.0, Details={GitCommit=de40ad0}}], KernelVersion=6.6.31-linuxkit, ApiVersion=1.45, Platform={Name=Docker Desktop 4.31.0 (153195)}, GitCommit=de5c9cf, Os=linux, Version=26.1.4, MinAPIVersion=1.24, Arch=arm64, GoVersion=go1.21.11, BuildTime=2024-06-05T11:29:12.000000000+00:00}
19:04:56.268 [Test worker] INFO org.testcontainers.DockerClientFactory -- Connected to docker: 
  Server Version: 26.1.4
  API Version: 1.45
  Operating System: Docker Desktop
  Total Memory: 7840 MB
19:04:56.273 [Test worker] DEBUG org.testcontainers.utility.RyukResourceReaper -- Ryuk is enabled
19:04:56.274 [Test worker] DEBUG org.testcontainers.utility.PrefixingImageNameSubstitutor -- No prefix is configured
19:04:56.274 [Test worker] DEBUG org.testcontainers.utility.ImageNameSubstitutor -- Did not find a substitute image for testcontainers/ryuk:0.5.1 (using image substitutor: DefaultImageNameSubstitutor (composite of 'ConfigurationFileImageNameSubstitutor' and 'PrefixingImageNameSubstitutor'))
19:04:56.275 [Test worker] DEBUG org.testcontainers.shaded.com.github.dockerjava.core.command.AbstrDockerCmd -- Cmd: ListImagesCmdImpl[filters=org.testcontainers.shaded.com.github.dockerjava.core.util.FiltersBuilder@0,imageNameFilter=<null>,showAll=false]
19:04:56.278 [Test worker] DEBUG com.github.dockerjava.zerodep.shaded.org.apache.hc.client5.http.impl.classic.InternalHttpClient -- ex-00000003: preparing request execution
19:04:56.278 [Test worker] DEBUG com.github.dockerjava.zerodep.shaded.org.apache.hc.client5.http.protocol.RequestAddCookies -- Cookie spec selected: strict
19:04:56.278 [Test worker] DEBUG com.github.dockerjava.zerodep.shaded.org.apache.hc.client5.http.protocol.RequestAuthCache -- Auth cache not set in the context
19:04:56.278 [Test worker] DEBUG com.github.dockerjava.zerodep.shaded.org.apache.hc.client5.http.impl.classic.ProtocolExec -- ex-00000003: target auth state: UNCHALLENGED
19:04:56.278 [Test worker] DEBUG com.github.dockerjava.zerodep.shaded.org.apache.hc.client5.http.impl.classic.ProtocolExec -- ex-00000003: proxy auth state: UNCHALLENGED
19:04:56.278 [Test worker] DEBUG com.github.dockerjava.zerodep.shaded.org.apache.hc.client5.http.impl.classic.ConnectExec -- ex-00000003: acquiring connection with route {}->unix://localhost:2375
19:04:56.278 [Test worker] DEBUG com.github.dockerjava.zerodep.shaded.org.apache.hc.client5.http.impl.classic.InternalHttpClient -- ex-00000003: acquiring endpoint (3 MINUTES)
19:04:56.278 [Test worker] DEBUG com.github.dockerjava.zerodep.shaded.org.apache.hc.client5.http.impl.io.PoolingHttpClientConnectionManager -- ex-00000003: endpoint lease request (3 MINUTES) [route: {}->unix://localhost:2375][total available: 1; route allocated: 1 of 2147483647; total allocated: 1 of 2147483647]
19:04:56.278 [Test worker] DEBUG com.github.dockerjava.zerodep.shaded.org.apache.hc.client5.http.impl.io.PoolingHttpClientConnectionManager -- ex-00000003: endpoint leased [route: {}->unix://localhost:2375][total available: 0; route allocated: 1 of 2147483647; total allocated: 1 of 2147483647]
19:04:56.278 [Test worker] DEBUG com.github.dockerjava.zerodep.shaded.org.apache.hc.client5.http.impl.io.PoolingHttpClientConnectionManager -- ex-00000003: acquired ep-00000002
19:04:56.278 [Test worker] DEBUG com.github.dockerjava.zerodep.shaded.org.apache.hc.client5.http.impl.classic.InternalHttpClient -- ex-00000003: acquired endpoint ep-00000002
19:04:56.278 [Test worker] DEBUG com.github.dockerjava.zerodep.shaded.org.apache.hc.client5.http.impl.classic.MainClientExec -- ex-00000003: executing GET /v1.32/images/json HTTP/1.1
19:04:56.278 [Test worker] DEBUG com.github.dockerjava.zerodep.shaded.org.apache.hc.client5.http.impl.classic.InternalHttpClient -- ep-00000002: start execution ex-00000003
19:04:56.278 [Test worker] DEBUG com.github.dockerjava.zerodep.shaded.org.apache.hc.client5.http.impl.io.PoolingHttpClientConnectionManager -- ep-00000002: executing exchange ex-00000003 over http-outgoing-0
19:04:56.279 [Test worker] DEBUG com.github.dockerjava.zerodep.shaded.org.apache.hc.client5.http.headers -- http-outgoing-0 >> GET /v1.32/images/json HTTP/1.1
19:04:56.279 [Test worker] DEBUG com.github.dockerjava.zerodep.shaded.org.apache.hc.client5.http.headers -- http-outgoing-0 >> accept: application/json
19:04:56.279 [Test worker] DEBUG com.github.dockerjava.zerodep.shaded.org.apache.hc.client5.http.headers -- http-outgoing-0 >> x-tc-sid: 1f399f0d-7ab6-47d2-bedc-41c5596e41f8
19:04:56.279 [Test worker] DEBUG com.github.dockerjava.zerodep.shaded.org.apache.hc.client5.http.headers -- http-outgoing-0 >> User-Agent: tc-java/1.19.1
19:04:56.279 [Test worker] DEBUG com.github.dockerjava.zerodep.shaded.org.apache.hc.client5.http.headers -- http-outgoing-0 >> Accept-Encoding: gzip, x-gzip, deflate
19:04:56.279 [Test worker] DEBUG com.github.dockerjava.zerodep.shaded.org.apache.hc.client5.http.headers -- http-outgoing-0 >> Host: localhost:2375
19:04:56.279 [Test worker] DEBUG com.github.dockerjava.zerodep.shaded.org.apache.hc.client5.http.headers -- http-outgoing-0 >> Connection: keep-alive
19:04:56.279 [Test worker] DEBUG com.github.dockerjava.zerodep.shaded.org.apache.hc.client5.http.wire -- http-outgoing-0 >> "GET /v1.32/images/json HTTP/1.1[\r][\n]"
19:04:56.279 [Test worker] DEBUG com.github.dockerjava.zerodep.shaded.org.apache.hc.client5.http.wire -- http-outgoing-0 >> "accept: application/json[\r][\n]"
19:04:56.279 [Test worker] DEBUG com.github.dockerjava.zerodep.shaded.org.apache.hc.client5.http.wire -- http-outgoing-0 >> "x-tc-sid: 1f399f0d-7ab6-47d2-bedc-41c5596e41f8[\r][\n]"
19:04:56.279 [Test worker] DEBUG com.github.dockerjava.zerodep.shaded.org.apache.hc.client5.http.wire -- http-outgoing-0 >> "User-Agent: tc-java/1.19.1[\r][\n]"
19:04:56.279 [Test worker] DEBUG com.github.dockerjava.zerodep.shaded.org.apache.hc.client5.http.wire -- http-outgoing-0 >> "Accept-Encoding: gzip, x-gzip, deflate[\r][\n]"
19:04:56.279 [Test worker] DEBUG com.github.dockerjava.zerodep.shaded.org.apache.hc.client5.http.wire -- http-outgoing-0 >> "Host: localhost:2375[\r][\n]"
19:04:56.279 [Test worker] DEBUG com.github.dockerjava.zerodep.shaded.org.apache.hc.client5.http.wire -- http-outgoing-0 >> "Connection: keep-alive[\r][\n]"
19:04:56.279 [Test worker] DEBUG com.github.dockerjava.zerodep.shaded.org.apache.hc.client5.http.wire -- http-outgoing-0 >> "[\r][\n]"
19:04:56.298 [Test worker] DEBUG com.github.dockerjava.zerodep.shaded.org.apache.hc.client5.http.wire -- http-outgoing-0 << "HTTP/1.1 200 OK[\r][\n]"
19:04:56.298 [Test worker] DEBUG com.github.dockerjava.zerodep.shaded.org.apache.hc.client5.http.wire -- http-outgoing-0 << "Api-Version: 1.45[\r][\n]"
19:04:56.298 [Test worker] DEBUG com.github.dockerjava.zerodep.shaded.org.apache.hc.client5.http.wire -- http-outgoing-0 << "Content-Type: application/json[\r][\n]"
19:04:56.298 [Test worker] DEBUG com.github.dockerjava.zerodep.shaded.org.apache.hc.client5.http.wire -- http-outgoing-0 << "Date: Fri, 19 Jul 2024 13:34:56 GMT[\r][\n]"
19:04:56.298 [Test worker] DEBUG com.github.dockerjava.zerodep.shaded.org.apache.hc.client5.http.wire -- http-outgoing-0 << "Docker-Experimental: false[\r][\n]"
19:04:56.298 [Test worker] DEBUG com.github.dockerjava.zerodep.shaded.org.apache.hc.client5.http.wire -- http-outgoing-0 << "Ostype: linux[\r][\n]"
19:04:56.298 [Test worker] DEBUG com.github.dockerjava.zerodep.shaded.org.apache.hc.client5.http.wire -- http-outgoing-0 << "Server: Docker/26.1.4 (linux)[\r][\n]"
19:04:56.298 [Test worker] DEBUG com.github.dockerjava.zerodep.shaded.org.apache.hc.client5.http.wire -- http-outgoing-0 << "Transfer-Encoding: chunked[\r][\n]"
19:04:56.298 [Test worker] DEBUG com.github.dockerjava.zerodep.shaded.org.apache.hc.client5.http.wire -- http-outgoing-0 << "[\r][\n]"
19:04:56.298 [Test worker] DEBUG com.github.dockerjava.zerodep.shaded.org.apache.hc.client5.http.headers -- http-outgoing-0 << HTTP/1.1 200 OK
19:04:56.298 [Test worker] DEBUG com.github.dockerjava.zerodep.shaded.org.apache.hc.client5.http.headers -- http-outgoing-0 << Api-Version: 1.45
19:04:56.298 [Test worker] DEBUG com.github.dockerjava.zerodep.shaded.org.apache.hc.client5.http.headers -- http-outgoing-0 << Content-Type: application/json
19:04:56.298 [Test worker] DEBUG com.github.dockerjava.zerodep.shaded.org.apache.hc.client5.http.headers -- http-outgoing-0 << Date: Fri, 19 Jul 2024 13:34:56 GMT
19:04:56.298 [Test worker] DEBUG com.github.dockerjava.zerodep.shaded.org.apache.hc.client5.http.headers -- http-outgoing-0 << Docker-Experimental: false
19:04:56.298 [Test worker] DEBUG com.github.dockerjava.zerodep.shaded.org.apache.hc.client5.http.headers -- http-outgoing-0 << Ostype: linux
19:04:56.298 [Test worker] DEBUG com.github.dockerjava.zerodep.shaded.org.apache.hc.client5.http.headers -- http-outgoing-0 << Server: Docker/26.1.4 (linux)
19:04:56.298 [Test worker] DEBUG com.github.dockerjava.zerodep.shaded.org.apache.hc.client5.http.headers -- http-outgoing-0 << Transfer-Encoding: chunked
19:04:56.298 [Test worker] DEBUG com.github.dockerjava.zerodep.shaded.org.apache.hc.client5.http.impl.classic.MainClientExec -- ex-00000003: connection can be kept alive for 3 MINUTES
19:04:56.298 [Test worker] DEBUG com.github.dockerjava.zerodep.shaded.org.apache.hc.client5.http.wire -- http-outgoing-0 << "697[\r][\n]"
19:04:56.299 [Test worker] DEBUG com.github.dockerjava.zerodep.shaded.org.apache.hc.client5.http.wire -- http-outgoing-0 << "[{"Containers":-1,"Created":1689952088,"Id":"sha256:f50a248ef92cdf254360e63219b285da7d84bd68423e6200182f0e1d0ee1603e","Labels":{"org.opencontainers.image.created":"2023-07-21T14:51:18.820Z","org.opencontainers.image.description":"BigQuery emulator server implemented in Go","org.opencontainers.image.licenses":"MIT","org.opencontainers.image.revision":"8ccde288d63846122e085433e0a03edfadba361c","org.opencontainers.image.source":"https://github.com/goccy/bigquery-emulator","org.opencontainers.image.title":"bigquery-emulator","org.opencontainers.image.url":"https://github.com/goccy/bigquery-emulator","org.opencontainers.image.version":"0.4.3"},"ParentId":"","RepoDigests":["ghcr.io/goccy/bigquery-emulator@sha256:f50a248ef92cdf254360e63219b285da7d84bd68423e6200182f0e1d0ee1603e"],"RepoTags":["ghcr.io/goccy/bigquery-emulator:0.4.3"],"SharedSize":-1,"Size":298152169,"VirtualSize":298152169},{"Containers":-1,"Created":1684336517,"Id":"sha256:533abc56c07b52a26c955d1e7ae428d810582ab01c156384ae79960eb5fa0775","Labels":{"org.testcontainers.ryuk":"true"},"ParentId":"","RepoDigests":["testcontainers/ryuk@sha256:533abc56c07b52a26c955d1e7ae428d810582ab01c156384ae79960eb5fa0775"],"RepoTags":["testcontainers/ryuk:0.5.1"],"SharedSize":-1,"Size":19273672,"VirtualSize":19273672},{"Containers":-1,"Created":1604424365,"Id":"sha256:3dc2df32b897aa1a47d942ff6c6474be04b882ce95ad15602451d272aaa8b37c","Labels":null,"ParentId":"","RepoDigests":["gcr.io/google.com/cloudsdktool/cloud-sdk@sha256:3dc2df32b897aa1a47d942ff6c6474be04b882ce95ad15602451d272aaa8b37c"],"RepoTags":["gcr.io/google.com/cloudsdktool/cloud-sdk:317.0.0-emulators"],"SharedSize":-1,"Size":1109960970,"VirtualSize":1109960970}][\n]"
19:04:56.299 [Test worker] DEBUG com.github.dockerjava.zerodep.shaded.org.apache.hc.client5.http.wire -- http-outgoing-0 << "[\r][\n]"
19:04:56.299 [Test worker] DEBUG com.github.dockerjava.zerodep.shaded.org.apache.hc.client5.http.wire -- http-outgoing-0 << "0[\r][\n]"
19:04:56.299 [Test worker] DEBUG com.github.dockerjava.zerodep.shaded.org.apache.hc.client5.http.wire -- http-outgoing-0 << "[\r][\n]"
19:04:56.301 [Test worker] DEBUG com.github.dockerjava.zerodep.shaded.org.apache.hc.client5.http.impl.classic.InternalHttpClient -- ep-00000002: releasing valid endpoint
19:04:56.301 [Test worker] DEBUG com.github.dockerjava.zerodep.shaded.org.apache.hc.client5.http.impl.io.PoolingHttpClientConnectionManager -- ep-00000002: releasing endpoint
19:04:56.301 [Test worker] DEBUG com.github.dockerjava.zerodep.shaded.org.apache.hc.client5.http.impl.io.PoolingHttpClientConnectionManager -- ep-00000002: connection http-outgoing-0 can be kept alive for 3 MINUTES
19:04:56.301 [Test worker] DEBUG com.github.dockerjava.zerodep.shaded.org.apache.hc.client5.http.impl.io.PoolingHttpClientConnectionManager -- ep-00000002: connection released [route: {}->unix://localhost:2375][total available: 1; route allocated: 1 of 2147483647; total allocated: 1 of 2147483647]
19:04:56.302 [Test worker] DEBUG org.testcontainers.images.AbstractImagePullPolicy -- Using locally available and not pulling image: testcontainers/ryuk:0.5.1
19:04:56.302 [Test worker] DEBUG tc.testcontainers/ryuk:0.5.1 -- Starting container: testcontainers/ryuk:0.5.1
19:04:56.303 [Test worker] DEBUG tc.testcontainers/ryuk:0.5.1 -- Trying to start container: testcontainers/ryuk:0.5.1 (attempt 1/1)
19:04:56.303 [Test worker] DEBUG tc.testcontainers/ryuk:0.5.1 -- Starting container: testcontainers/ryuk:0.5.1
19:04:56.303 [Test worker] INFO tc.testcontainers/ryuk:0.5.1 -- Creating container for image: testcontainers/ryuk:0.5.1
19:04:56.306 [Test worker] DEBUG org.testcontainers.utility.RegistryAuthLocator -- Looking up auth config for image: testcontainers/ryuk:0.5.1 at registry: https://index.docker.io/v1/
19:04:56.306 [Test worker] DEBUG org.testcontainers.utility.RegistryAuthLocator -- RegistryAuthLocator has configFile: /Users/shibsankarmitra/.docker/config.json (exists) configEnv: DOCKER_AUTH_CONFIG (does not exist) and commandPathPrefix: 
19:04:56.306 [Test worker] DEBUG org.testcontainers.utility.RegistryAuthLocator -- RegistryAuthLocator reading from configFile: /Users/shibsankarmitra/.docker/config.json
19:04:56.306 [Test worker] DEBUG org.testcontainers.utility.RegistryAuthLocator -- registryName [https://index.docker.io/v1/] for dockerImageName [testcontainers/ryuk:0.5.1]
19:04:56.306 [Test worker] DEBUG org.testcontainers.utility.RegistryAuthLocator -- Executing docker credential provider: docker-credential-desktop to locate auth config for: https://index.docker.io/v1/
19:04:56.311 [Test worker] DEBUG org.testcontainers.shaded.org.zeroturnaround.exec.ProcessExecutor -- Executing [docker-credential-desktop, get].
19:04:56.317 [Test worker] DEBUG org.testcontainers.utility.RegistryAuthLocator -- Failure running docker credential helper/store (docker-credential-desktop)
19:04:56.317 [Test worker] INFO org.testcontainers.utility.RegistryAuthLocator -- Failure when attempting to lookup auth config. Please ignore if you don't have images in an authenticated registry. Details: (dockerImageName: testcontainers/ryuk:0.5.1, configFile: /Users/shibsankarmitra/.docker/config.json, configEnv: DOCKER_AUTH_CONFIG). Falling back to docker-java default behaviour. Exception message: Could not execute [docker-credential-desktop, get]. Error=2, No such file or directory
19:04:56.317 [Test worker] DEBUG org.testcontainers.utility.RegistryAuthLocator -- No matching Auth Configs - falling back to defaultAuthConfig [null]
19:04:56.317 [Test worker] DEBUG org.testcontainers.dockerclient.AuthDelegatingDockerClientConfig -- Effective auth config [null]
19:04:56.329 [Test worker] DEBUG org.testcontainers.shaded.com.github.dockerjava.core.command.AbstrDockerCmd -- Cmd: org.testcontainers.shaded.com.github.dockerjava.core.command.CreateContainerCmdImpl@36cf16a6[aliases=<null>,argsEscaped=<null>,attachStderr=<null>,attachStdin=<null>,attachStdout=<null>,authConfig=<null>,cmd={},domainName=<null>,entrypoint=<null>,env={},exposedPorts=ExposedPorts(exposedPorts=[8080/tcp]),healthcheck=<null>,hostConfig=HostConfig(binds=[/var/run/docker.sock:/var/run/docker.sock:rw], blkioWeight=null, blkioWeightDevice=null, blkioDeviceReadBps=null, blkioDeviceWriteBps=null, blkioDeviceReadIOps=null, blkioDeviceWriteIOps=null, memorySwappiness=null, nanoCPUs=null, capAdd=null, capDrop=null, containerIDFile=null, cpuPeriod=null, cpuRealtimePeriod=null, cpuRealtimeRuntime=null, cpuShares=null, cpuQuota=null, cpusetCpus=null, cpusetMems=null, devices=null, deviceCgroupRules=null, deviceRequests=null, diskQuota=null, dns=null, dnsOptions=null, dnsSearch=null, extraHosts=[], groupAdd=null, ipcMode=null, cgroup=null, links=[], logConfig=LogConfig(type=null, config=null), lxcConf=null, memory=null, memorySwap=null, memoryReservation=null, kernelMemory=null, networkMode=null, oomKillDisable=null, init=null, autoRemove=true, oomScoreAdj=null, portBindings={8080/tcp=[Lcom.github.dockerjava.api.model.Ports$Binding;@1aee6d14}, privileged=true, publishAllPorts=null, readonlyRootfs=null, restartPolicy=null, ulimits=null, cpuCount=null, cpuPercent=null, ioMaximumIOps=null, ioMaximumBandwidth=null, volumesFrom=[], mounts=null, pidMode=null, isolation=null, securityOpts=null, storageOpt=null, cgroupParent=null, volumeDriver=null, shmSize=null, pidsLimit=null, runtime=null, tmpFs=null, utSMode=null, usernsMode=null, sysctls=null, consoleSize=null, cgroupnsMode=null),hostName=<null>,image=testcontainers/ryuk:0.5.1,ipv4Address=<null>,ipv6Address=<null>,labels={org.testcontainers=true, org.testcontainers.lang=java, org.testcontainers.version=1.19.1},macAddress=<null>,name=testcontainers-ryuk-1f399f0d-7ab6-47d2-bedc-41c5596e41f8,networkDisabled=<null>,networkingConfig=<null>,onBuild=<null>,platform=<null>,portSpecs=<null>,shell=<null>,stdInOnce=<null>,stdinOpen=<null>,stopSignal=<null>,stopTimeout=<null>,tty=<null>,user=<null>,volumes=Volumes(volumes=[]),workingDir=<null>]
19:04:56.366 [Test worker] DEBUG com.github.dockerjava.zerodep.shaded.org.apache.hc.client5.http.impl.classic.InternalHttpClient -- ex-00000004: preparing request execution
19:04:56.366 [Test worker] DEBUG com.github.dockerjava.zerodep.shaded.org.apache.hc.client5.http.protocol.RequestAddCookies -- Cookie spec selected: strict
19:04:56.366 [Test worker] DEBUG com.github.dockerjava.zerodep.shaded.org.apache.hc.client5.http.protocol.RequestAuthCache -- Auth cache not set in the context
19:04:56.366 [Test worker] DEBUG com.github.dockerjava.zerodep.shaded.org.apache.hc.client5.http.impl.classic.ProtocolExec -- ex-00000004: target auth state: UNCHALLENGED
19:04:56.366 [Test worker] DEBUG com.github.dockerjava.zerodep.shaded.org.apache.hc.client5.http.impl.classic.ProtocolExec -- ex-00000004: proxy auth state: UNCHALLENGED
19:04:56.366 [Test worker] DEBUG com.github.dockerjava.zerodep.shaded.org.apache.hc.client5.http.impl.classic.ConnectExec -- ex-00000004: acquiring connection with route {}->unix://localhost:2375
19:04:56.366 [Test worker] DEBUG com.github.dockerjava.zerodep.shaded.org.apache.hc.client5.http.impl.classic.InternalHttpClient -- ex-00000004: acquiring endpoint (3 MINUTES)
19:04:56.366 [Test worker] DEBUG com.github.dockerjava.zerodep.shaded.org.apache.hc.client5.http.impl.io.PoolingHttpClientConnectionManager -- ex-00000004: endpoint lease request (3 MINUTES) [route: {}->unix://localhost:2375][total available: 1; route allocated: 1 of 2147483647; total allocated: 1 of 2147483647]
19:04:56.366 [Test worker] DEBUG com.github.dockerjava.zerodep.shaded.org.apache.hc.client5.http.impl.io.PoolingHttpClientConnectionManager -- ex-00000004: endpoint leased [route: {}->unix://localhost:2375][total available: 0; route allocated: 1 of 2147483647; total allocated: 1 of 2147483647]
19:04:56.366 [Test worker] DEBUG com.github.dockerjava.zerodep.shaded.org.apache.hc.client5.http.impl.io.PoolingHttpClientConnectionManager -- ex-00000004: acquired ep-00000003
19:04:56.366 [Test worker] DEBUG com.github.dockerjava.zerodep.shaded.org.apache.hc.client5.http.impl.classic.InternalHttpClient -- ex-00000004: acquired endpoint ep-00000003
19:04:56.366 [Test worker] DEBUG com.github.dockerjava.zerodep.shaded.org.apache.hc.client5.http.impl.classic.MainClientExec -- ex-00000004: executing POST /v1.32/containers/create?name=testcontainers-ryuk-1f399f0d-7ab6-47d2-bedc-41c5596e41f8 HTTP/1.1
19:04:56.366 [Test worker] DEBUG com.github.dockerjava.zerodep.shaded.org.apache.hc.client5.http.impl.classic.InternalHttpClient -- ep-00000003: start execution ex-00000004
19:04:56.366 [Test worker] DEBUG com.github.dockerjava.zerodep.shaded.org.apache.hc.client5.http.impl.io.PoolingHttpClientConnectionManager -- ep-00000003: executing exchange ex-00000004 over http-outgoing-0
19:04:56.366 [Test worker] DEBUG com.github.dockerjava.zerodep.shaded.org.apache.hc.client5.http.headers -- http-outgoing-0 >> POST /v1.32/containers/create?name=testcontainers-ryuk-1f399f0d-7ab6-47d2-bedc-41c5596e41f8 HTTP/1.1
19:04:56.366 [Test worker] DEBUG com.github.dockerjava.zerodep.shaded.org.apache.hc.client5.http.headers -- http-outgoing-0 >> accept: application/json
19:04:56.366 [Test worker] DEBUG com.github.dockerjava.zerodep.shaded.org.apache.hc.client5.http.headers -- http-outgoing-0 >> content-type: application/json
19:04:56.367 [Test worker] DEBUG com.github.dockerjava.zerodep.shaded.org.apache.hc.client5.http.headers -- http-outgoing-0 >> x-tc-sid: 1f399f0d-7ab6-47d2-bedc-41c5596e41f8
19:04:56.367 [Test worker] DEBUG com.github.dockerjava.zerodep.shaded.org.apache.hc.client5.http.headers -- http-outgoing-0 >> User-Agent: tc-java/1.19.1
19:04:56.367 [Test worker] DEBUG com.github.dockerjava.zerodep.shaded.org.apache.hc.client5.http.headers -- http-outgoing-0 >> Accept-Encoding: gzip, x-gzip, deflate
19:04:56.367 [Test worker] DEBUG com.github.dockerjava.zerodep.shaded.org.apache.hc.client5.http.headers -- http-outgoing-0 >> Content-Length: 1954
19:04:56.367 [Test worker] DEBUG com.github.dockerjava.zerodep.shaded.org.apache.hc.client5.http.headers -- http-outgoing-0 >> Host: localhost:2375
19:04:56.367 [Test worker] DEBUG com.github.dockerjava.zerodep.shaded.org.apache.hc.client5.http.headers -- http-outgoing-0 >> Connection: keep-alive
19:04:56.367 [Test worker] DEBUG com.github.dockerjava.zerodep.shaded.org.apache.hc.client5.http.wire -- http-outgoing-0 >> "POST /v1.32/containers/create?name=testcontainers-ryuk-1f399f0d-7ab6-47d2-bedc-41c5596e41f8 HTTP/1.1[\r][\n]"
19:04:56.367 [Test worker] DEBUG com.github.dockerjava.zerodep.shaded.org.apache.hc.client5.http.wire -- http-outgoing-0 >> "accept: application/json[\r][\n]"
19:04:56.367 [Test worker] DEBUG com.github.dockerjava.zerodep.shaded.org.apache.hc.client5.http.wire -- http-outgoing-0 >> "content-type: application/json[\r][\n]"
19:04:56.367 [Test worker] DEBUG com.github.dockerjava.zerodep.shaded.org.apache.hc.client5.http.wire -- http-outgoing-0 >> "x-tc-sid: 1f399f0d-7ab6-47d2-bedc-41c5596e41f8[\r][\n]"
19:04:56.367 [Test worker] DEBUG com.github.dockerjava.zerodep.shaded.org.apache.hc.client5.http.wire -- http-outgoing-0 >> "User-Agent: tc-java/1.19.1[\r][\n]"
19:04:56.367 [Test worker] DEBUG com.github.dockerjava.zerodep.shaded.org.apache.hc.client5.http.wire -- http-outgoing-0 >> "Accept-Encoding: gzip, x-gzip, deflate[\r][\n]"
19:04:56.367 [Test worker] DEBUG com.github.dockerjava.zerodep.shaded.org.apache.hc.client5.http.wire -- http-outgoing-0 >> "Content-Length: 1954[\r][\n]"
19:04:56.367 [Test worker] DEBUG com.github.dockerjava.zerodep.shaded.org.apache.hc.client5.http.wire -- http-outgoing-0 >> "Host: localhost:2375[\r][\n]"
19:04:56.367 [Test worker] DEBUG com.github.dockerjava.zerodep.shaded.org.apache.hc.client5.http.wire -- http-outgoing-0 >> "Connection: keep-alive[\r][\n]"
19:04:56.367 [Test worker] DEBUG com.github.dockerjava.zerodep.shaded.org.apache.hc.client5.http.wire -- http-outgoing-0 >> "[\r][\n]"
19:04:56.367 [Test worker] DEBUG com.github.dockerjava.zerodep.shaded.org.apache.hc.client5.http.wire -- http-outgoing-0 >> "{"Hostname":null,"Domainname":null,"User":null,"AttachStdin":null,"AttachStdout":null,"AttachStderr":null,"PortSpecs":null,"Tty":null,"OpenStdin":null,"StdinOnce":null,"Env":[],"Cmd":[],"Healthcheck":null,"ArgsEscaped":null,"Entrypoint":null,"Image":"testcontainers/ryuk:0.5.1","Volumes":{},"WorkingDir":null,"MacAddress":null,"OnBuild":null,"NetworkDisabled":null,"ExposedPorts":{"8080/tcp":{}},"StopSignal":null,"StopTimeout":null,"HostConfig":{"Binds":["/var/run/docker.sock:/var/run/docker.sock:rw"],"BlkioWeight":null,"BlkioWeightDevice":null,"BlkioDeviceReadBps":null,"BlkioDeviceWriteBps":null,"BlkioDeviceReadIOps":null,"BlkioDeviceWriteIOps":null,"MemorySwappiness":null,"NanoCpus":null,"CapAdd":null,"CapDrop":null,"ContainerIDFile":null,"CpuPeriod":null,"CpuRealtimePeriod":null,"CpuRealtimeRuntime":null,"CpuShares":null,"CpuQuota":null,"CpusetCpus":null,"CpusetMems":null,"Devices":null,"DeviceCgroupRules":null,"DeviceRequests":null,"DiskQuota":null,"Dns":null,"DnsOptions":null,"DnsSearch":null,"ExtraHosts":[],"GroupAdd":null,"IpcMode":null,"Cgroup":null,"Links":[],"LogConfig":null,"LxcConf":null,"Memory":null,"MemorySwap":null,"MemoryReservation":null,"KernelMemory":null,"NetworkMode":null,"OomKillDisable":null,"Init":null,"AutoRemove":true,"OomScoreAdj":null,"PortBindings":{"8080/tcp":[{"HostIp":"","HostPort":""}]},"Privileged":true,"PublishAllPorts":null,"ReadonlyRootfs":null,"RestartPolicy":null,"Ulimits":null,"CpuCount":null,"CpuPercent":null,"IOMaximumIOps":null,"IOMaximumBandwidth":null,"VolumesFrom":[],"Mounts":null,"PidMode":null,"Isolation":null,"SecurityOpt":null,"StorageOpt":null,"CgroupParent":null,"VolumeDriver":null,"ShmSize":null,"PidsLimit":null,"Runtime":null,"Tmpfs":null,"UTSMode":null,"UsernsMode":null,"Sysctls":null,"ConsoleSize":null,"CgroupnsMode":null},"Labels":{"org.testcontainers":"true","org.testcontainers.lang":"java","org.testcontainers.version":"1.19.1"},"Shell":null,"NetworkingConfig":null}"
19:04:56.399 [Test worker] DEBUG com.github.dockerjava.zerodep.shaded.org.apache.hc.client5.http.wire -- http-outgoing-0 << "HTTP/1.1 201 Created[\r][\n]"
19:04:56.400 [Test worker] DEBUG com.github.dockerjava.zerodep.shaded.org.apache.hc.client5.http.wire -- http-outgoing-0 << "Api-Version: 1.45[\r][\n]"
19:04:56.400 [Test worker] DEBUG com.github.dockerjava.zerodep.shaded.org.apache.hc.client5.http.wire -- http-outgoing-0 << "Content-Type: application/json[\r][\n]"
19:04:56.400 [Test worker] DEBUG com.github.dockerjava.zerodep.shaded.org.apache.hc.client5.http.wire -- http-outgoing-0 << "Date: Fri, 19 Jul 2024 13:34:56 GMT[\r][\n]"
19:04:56.400 [Test worker] DEBUG com.github.dockerjava.zerodep.shaded.org.apache.hc.client5.http.wire -- http-outgoing-0 << "Docker-Experimental: false[\r][\n]"
19:04:56.400 [Test worker] DEBUG com.github.dockerjava.zerodep.shaded.org.apache.hc.client5.http.wire -- http-outgoing-0 << "Ostype: linux[\r][\n]"
19:04:56.400 [Test worker] DEBUG com.github.dockerjava.zerodep.shaded.org.apache.hc.client5.http.wire -- http-outgoing-0 << "Server: Docker/26.1.4 (linux)[\r][\n]"
19:04:56.400 [Test worker] DEBUG com.github.dockerjava.zerodep.shaded.org.apache.hc.client5.http.wire -- http-outgoing-0 << "Transfer-Encoding: chunked[\r][\n]"
19:04:56.400 [Test worker] DEBUG com.github.dockerjava.zerodep.shaded.org.apache.hc.client5.http.wire -- http-outgoing-0 << "[\r][\n]"
19:04:56.400 [Test worker] DEBUG com.github.dockerjava.zerodep.shaded.org.apache.hc.client5.http.headers -- http-outgoing-0 << HTTP/1.1 201 Created
19:04:56.400 [Test worker] DEBUG com.github.dockerjava.zerodep.shaded.org.apache.hc.client5.http.headers -- http-outgoing-0 << Api-Version: 1.45
19:04:56.400 [Test worker] DEBUG com.github.dockerjava.zerodep.shaded.org.apache.hc.client5.http.headers -- http-outgoing-0 << Content-Type: application/json
19:04:56.400 [Test worker] DEBUG com.github.dockerjava.zerodep.shaded.org.apache.hc.client5.http.headers -- http-outgoing-0 << Date: Fri, 19 Jul 2024 13:34:56 GMT
19:04:56.400 [Test worker] DEBUG com.github.dockerjava.zerodep.shaded.org.apache.hc.client5.http.headers -- http-outgoing-0 << Docker-Experimental: false
19:04:56.400 [Test worker] DEBUG com.github.dockerjava.zerodep.shaded.org.apache.hc.client5.http.headers -- http-outgoing-0 << Ostype: linux
19:04:56.401 [Test worker] DEBUG com.github.dockerjava.zerodep.shaded.org.apache.hc.client5.http.headers -- http-outgoing-0 << Server: Docker/26.1.4 (linux)
19:04:56.401 [Test worker] DEBUG com.github.dockerjava.zerodep.shaded.org.apache.hc.client5.http.headers -- http-outgoing-0 << Transfer-Encoding: chunked
19:04:56.401 [Test worker] DEBUG com.github.dockerjava.zerodep.shaded.org.apache.hc.client5.http.impl.classic.MainClientExec -- ex-00000004: connection can be kept alive for 3 MINUTES
19:04:56.401 [Test worker] DEBUG com.github.dockerjava.zerodep.shaded.org.apache.hc.client5.http.wire -- http-outgoing-0 << "58[\r][\n]"
19:04:56.401 [Test worker] DEBUG com.github.dockerjava.zerodep.shaded.org.apache.hc.client5.http.wire -- http-outgoing-0 << "{"Id":"3d23b28bbb88e9a6dc36633d3601c8689d0c2ef6c7a7eca31185929dba75a8c5","Warnings":[]}[\n]"
19:04:56.401 [Test worker] DEBUG com.github.dockerjava.zerodep.shaded.org.apache.hc.client5.http.wire -- http-outgoing-0 << "[\r][\n]"
19:04:56.401 [Test worker] DEBUG com.github.dockerjava.zerodep.shaded.org.apache.hc.client5.http.wire -- http-outgoing-0 << "0[\r][\n]"
19:04:56.401 [Test worker] DEBUG com.github.dockerjava.zerodep.shaded.org.apache.hc.client5.http.wire -- http-outgoing-0 << "[\r][\n]"
19:04:56.402 [Test worker] DEBUG com.github.dockerjava.zerodep.shaded.org.apache.hc.client5.http.impl.classic.InternalHttpClient -- ep-00000003: releasing valid endpoint
19:04:56.402 [Test worker] DEBUG com.github.dockerjava.zerodep.shaded.org.apache.hc.client5.http.impl.io.PoolingHttpClientConnectionManager -- ep-00000003: releasing endpoint
19:04:56.402 [Test worker] DEBUG com.github.dockerjava.zerodep.shaded.org.apache.hc.client5.http.impl.io.PoolingHttpClientConnectionManager -- ep-00000003: connection http-outgoing-0 can be kept alive for 3 MINUTES
19:04:56.402 [Test worker] DEBUG com.github.dockerjava.zerodep.shaded.org.apache.hc.client5.http.impl.io.PoolingHttpClientConnectionManager -- ep-00000003: connection released [route: {}->unix://localhost:2375][total available: 1; route allocated: 1 of 2147483647; total allocated: 1 of 2147483647]
19:04:56.404 [Test worker] INFO tc.testcontainers/ryuk:0.5.1 -- Container testcontainers/ryuk:0.5.1 is starting: 3d23b28bbb88e9a6dc36633d3601c8689d0c2ef6c7a7eca31185929dba75a8c5
19:04:56.406 [Test worker] DEBUG org.testcontainers.shaded.com.github.dockerjava.core.command.AbstrDockerCmd -- Cmd: 3d23b28bbb88e9a6dc36633d3601c8689d0c2ef6c7a7eca31185929dba75a8c5
19:04:56.406 [Test worker] DEBUG com.github.dockerjava.zerodep.shaded.org.apache.hc.client5.http.impl.classic.InternalHttpClient -- ex-00000005: preparing request execution
19:04:56.406 [Test worker] DEBUG com.github.dockerjava.zerodep.shaded.org.apache.hc.client5.http.protocol.RequestAddCookies -- Cookie spec selected: strict
19:04:56.406 [Test worker] DEBUG com.github.dockerjava.zerodep.shaded.org.apache.hc.client5.http.protocol.RequestAuthCache -- Auth cache not set in the context
19:04:56.406 [Test worker] DEBUG com.github.dockerjava.zerodep.shaded.org.apache.hc.client5.http.impl.classic.ProtocolExec -- ex-00000005: target auth state: UNCHALLENGED
19:04:56.407 [Test worker] DEBUG com.github.dockerjava.zerodep.shaded.org.apache.hc.client5.http.impl.classic.ProtocolExec -- ex-00000005: proxy auth state: UNCHALLENGED
19:04:56.407 [Test worker] DEBUG com.github.dockerjava.zerodep.shaded.org.apache.hc.client5.http.impl.classic.ConnectExec -- ex-00000005: acquiring connection with route {}->unix://localhost:2375
19:04:56.407 [Test worker] DEBUG com.github.dockerjava.zerodep.shaded.org.apache.hc.client5.http.impl.classic.InternalHttpClient -- ex-00000005: acquiring endpoint (3 MINUTES)
19:04:56.407 [Test worker] DEBUG com.github.dockerjava.zerodep.shaded.org.apache.hc.client5.http.impl.io.PoolingHttpClientConnectionManager -- ex-00000005: endpoint lease request (3 MINUTES) [route: {}->unix://localhost:2375][total available: 1; route allocated: 1 of 2147483647; total allocated: 1 of 2147483647]
19:04:56.407 [Test worker] DEBUG com.github.dockerjava.zerodep.shaded.org.apache.hc.client5.http.impl.io.PoolingHttpClientConnectionManager -- ex-00000005: endpoint leased [route: {}->unix://localhost:2375][total available: 0; route allocated: 1 of 2147483647; total allocated: 1 of 2147483647]
19:04:56.407 [Test worker] DEBUG com.github.dockerjava.zerodep.shaded.org.apache.hc.client5.http.impl.io.PoolingHttpClientConnectionManager -- ex-00000005: acquired ep-00000004
19:04:56.407 [Test worker] DEBUG com.github.dockerjava.zerodep.shaded.org.apache.hc.client5.http.impl.classic.InternalHttpClient -- ex-00000005: acquired endpoint ep-00000004
19:04:56.407 [Test worker] DEBUG com.github.dockerjava.zerodep.shaded.org.apache.hc.client5.http.impl.classic.MainClientExec -- ex-00000005: executing POST /v1.32/containers/3d23b28bbb88e9a6dc36633d3601c8689d0c2ef6c7a7eca31185929dba75a8c5/start HTTP/1.1
19:04:56.407 [Test worker] DEBUG com.github.dockerjava.zerodep.shaded.org.apache.hc.client5.http.impl.classic.InternalHttpClient -- ep-00000004: start execution ex-00000005
19:04:56.407 [Test worker] DEBUG com.github.dockerjava.zerodep.shaded.org.apache.hc.client5.http.impl.io.PoolingHttpClientConnectionManager -- ep-00000004: executing exchange ex-00000005 over http-outgoing-0
19:04:56.407 [Test worker] DEBUG com.github.dockerjava.zerodep.shaded.org.apache.hc.client5.http.headers -- http-outgoing-0 >> POST /v1.32/containers/3d23b28bbb88e9a6dc36633d3601c8689d0c2ef6c7a7eca31185929dba75a8c5/start HTTP/1.1
19:04:56.407 [Test worker] DEBUG com.github.dockerjava.zerodep.shaded.org.apache.hc.client5.http.headers -- http-outgoing-0 >> accept: application/json
19:04:56.407 [Test worker] DEBUG com.github.dockerjava.zerodep.shaded.org.apache.hc.client5.http.headers -- http-outgoing-0 >> content-type: application/json
19:04:56.407 [Test worker] DEBUG com.github.dockerjava.zerodep.shaded.org.apache.hc.client5.http.headers -- http-outgoing-0 >> x-tc-sid: 1f399f0d-7ab6-47d2-bedc-41c5596e41f8
19:04:56.407 [Test worker] DEBUG com.github.dockerjava.zerodep.shaded.org.apache.hc.client5.http.headers -- http-outgoing-0 >> User-Agent: tc-java/1.19.1
19:04:56.407 [Test worker] DEBUG com.github.dockerjava.zerodep.shaded.org.apache.hc.client5.http.headers -- http-outgoing-0 >> Accept-Encoding: gzip, x-gzip, deflate
19:04:56.407 [Test worker] DEBUG com.github.dockerjava.zerodep.shaded.org.apache.hc.client5.http.headers -- http-outgoing-0 >> Host: localhost:2375
19:04:56.407 [Test worker] DEBUG com.github.dockerjava.zerodep.shaded.org.apache.hc.client5.http.headers -- http-outgoing-0 >> Connection: keep-alive
19:04:56.407 [Test worker] DEBUG com.github.dockerjava.zerodep.shaded.org.apache.hc.client5.http.wire -- http-outgoing-0 >> "POST /v1.32/containers/3d23b28bbb88e9a6dc36633d3601c8689d0c2ef6c7a7eca31185929dba75a8c5/start HTTP/1.1[\r][\n]"
19:04:56.407 [Test worker] DEBUG com.github.dockerjava.zerodep.shaded.org.apache.hc.client5.http.wire -- http-outgoing-0 >> "accept: application/json[\r][\n]"
19:04:56.407 [Test worker] DEBUG com.github.dockerjava.zerodep.shaded.org.apache.hc.client5.http.wire -- http-outgoing-0 >> "content-type: application/json[\r][\n]"
19:04:56.407 [Test worker] DEBUG com.github.dockerjava.zerodep.shaded.org.apache.hc.client5.http.wire -- http-outgoing-0 >> "x-tc-sid: 1f399f0d-7ab6-47d2-bedc-41c5596e41f8[\r][\n]"
19:04:56.407 [Test worker] DEBUG com.github.dockerjava.zerodep.shaded.org.apache.hc.client5.http.wire -- http-outgoing-0 >> "User-Agent: tc-java/1.19.1[\r][\n]"
19:04:56.408 [Test worker] DEBUG com.github.dockerjava.zerodep.shaded.org.apache.hc.client5.http.wire -- http-outgoing-0 >> "Accept-Encoding: gzip, x-gzip, deflate[\r][\n]"
19:04:56.408 [Test worker] DEBUG com.github.dockerjava.zerodep.shaded.org.apache.hc.client5.http.wire -- http-outgoing-0 >> "Host: localhost:2375[\r][\n]"
19:04:56.408 [Test worker] DEBUG com.github.dockerjava.zerodep.shaded.org.apache.hc.client5.http.wire -- http-outgoing-0 >> "Connection: keep-alive[\r][\n]"
19:04:56.408 [Test worker] DEBUG com.github.dockerjava.zerodep.shaded.org.apache.hc.client5.http.wire -- http-outgoing-0 >> "[\r][\n]"
19:04:56.518 [Test worker] DEBUG com.github.dockerjava.zerodep.shaded.org.apache.hc.client5.http.wire -- http-outgoing-0 << "HTTP/1.1 204 No Content[\r][\n]"
19:04:56.518 [Test worker] DEBUG com.github.dockerjava.zerodep.shaded.org.apache.hc.client5.http.wire -- http-outgoing-0 << "Api-Version: 1.45[\r][\n]"
19:04:56.518 [Test worker] DEBUG com.github.dockerjava.zerodep.shaded.org.apache.hc.client5.http.wire -- http-outgoing-0 << "Date: Fri, 19 Jul 2024 13:34:56 GMT[\r][\n]"
19:04:56.518 [Test worker] DEBUG com.github.dockerjava.zerodep.shaded.org.apache.hc.client5.http.wire -- http-outgoing-0 << "Docker-Experimental: false[\r][\n]"
19:04:56.518 [Test worker] DEBUG com.github.dockerjava.zerodep.shaded.org.apache.hc.client5.http.wire -- http-outgoing-0 << "Ostype: linux[\r][\n]"
19:04:56.518 [Test worker] DEBUG com.github.dockerjava.zerodep.shaded.org.apache.hc.client5.http.wire -- http-outgoing-0 << "Server: Docker/26.1.4 (linux)[\r][\n]"
19:04:56.518 [Test worker] DEBUG com.github.dockerjava.zerodep.shaded.org.apache.hc.client5.http.wire -- http-outgoing-0 << "[\r][\n]"
19:04:56.518 [Test worker] DEBUG com.github.dockerjava.zerodep.shaded.org.apache.hc.client5.http.headers -- http-outgoing-0 << HTTP/1.1 204 No Content
19:04:56.519 [Test worker] DEBUG com.github.dockerjava.zerodep.shaded.org.apache.hc.client5.http.headers -- http-outgoing-0 << Api-Version: 1.45
19:04:56.519 [Test worker] DEBUG com.github.dockerjava.zerodep.shaded.org.apache.hc.client5.http.headers -- http-outgoing-0 << Date: Fri, 19 Jul 2024 13:34:56 GMT
19:04:56.519 [Test worker] DEBUG com.github.dockerjava.zerodep.shaded.org.apache.hc.client5.http.headers -- http-outgoing-0 << Docker-Experimental: false
19:04:56.519 [Test worker] DEBUG com.github.dockerjava.zerodep.shaded.org.apache.hc.client5.http.headers -- http-outgoing-0 << Ostype: linux
19:04:56.519 [Test worker] DEBUG com.github.dockerjava.zerodep.shaded.org.apache.hc.client5.http.headers -- http-outgoing-0 << Server: Docker/26.1.4 (linux)
19:04:56.519 [Test worker] DEBUG com.github.dockerjava.zerodep.shaded.org.apache.hc.client5.http.impl.classic.MainClientExec -- ex-00000005: connection can be kept alive for 3 MINUTES
19:04:56.519 [Test worker] DEBUG com.github.dockerjava.zerodep.shaded.org.apache.hc.client5.http.impl.classic.InternalHttpClient -- ep-00000004: releasing valid endpoint
19:04:56.519 [Test worker] DEBUG com.github.dockerjava.zerodep.shaded.org.apache.hc.client5.http.impl.io.PoolingHttpClientConnectionManager -- ep-00000004: releasing endpoint
19:04:56.519 [Test worker] DEBUG com.github.dockerjava.zerodep.shaded.org.apache.hc.client5.http.impl.io.PoolingHttpClientConnectionManager -- ep-00000004: connection http-outgoing-0 can be kept alive for 3 MINUTES
19:04:56.519 [Test worker] DEBUG com.github.dockerjava.zerodep.shaded.org.apache.hc.client5.http.impl.io.PoolingHttpClientConnectionManager -- ep-00000004: connection released [route: {}->unix://localhost:2375][total available: 1; route allocated: 1 of 2147483647; total allocated: 1 of 2147483647]
19:04:56.526 [Test worker] DEBUG org.testcontainers.shaded.com.github.dockerjava.core.command.AbstrDockerCmd -- Cmd: 3d23b28bbb88e9a6dc36633d3601c8689d0c2ef6c7a7eca31185929dba75a8c5,false
19:04:56.526 [Test worker] DEBUG org.testcontainers.shaded.com.github.dockerjava.core.exec.InspectContainerCmdExec -- GET: DefaultWebTarget{path=[/containers/3d23b28bbb88e9a6dc36633d3601c8689d0c2ef6c7a7eca31185929dba75a8c5/json], queryParams={}}
19:04:56.526 [Test worker] DEBUG com.github.dockerjava.zerodep.shaded.org.apache.hc.client5.http.impl.classic.InternalHttpClient -- ex-00000006: preparing request execution
19:04:56.526 [Test worker] DEBUG com.github.dockerjava.zerodep.shaded.org.apache.hc.client5.http.protocol.RequestAddCookies -- Cookie spec selected: strict
19:04:56.526 [Test worker] DEBUG com.github.dockerjava.zerodep.shaded.org.apache.hc.client5.http.protocol.RequestAuthCache -- Auth cache not set in the context
19:04:56.527 [Test worker] DEBUG com.github.dockerjava.zerodep.shaded.org.apache.hc.client5.http.impl.classic.ProtocolExec -- ex-00000006: target auth state: UNCHALLENGED
19:04:56.527 [Test worker] DEBUG com.github.dockerjava.zerodep.shaded.org.apache.hc.client5.http.impl.classic.ProtocolExec -- ex-00000006: proxy auth state: UNCHALLENGED
19:04:56.527 [Test worker] DEBUG com.github.dockerjava.zerodep.shaded.org.apache.hc.client5.http.impl.classic.ConnectExec -- ex-00000006: acquiring connection with route {}->unix://localhost:2375
19:04:56.527 [Test worker] DEBUG com.github.dockerjava.zerodep.shaded.org.apache.hc.client5.http.impl.classic.InternalHttpClient -- ex-00000006: acquiring endpoint (3 MINUTES)
19:04:56.527 [Test worker] DEBUG com.github.dockerjava.zerodep.shaded.org.apache.hc.client5.http.impl.io.PoolingHttpClientConnectionManager -- ex-00000006: endpoint lease request (3 MINUTES) [route: {}->unix://localhost:2375][total available: 1; route allocated: 1 of 2147483647; total allocated: 1 of 2147483647]
19:04:56.527 [Test worker] DEBUG com.github.dockerjava.zerodep.shaded.org.apache.hc.client5.http.impl.io.PoolingHttpClientConnectionManager -- ex-00000006: endpoint leased [route: {}->unix://localhost:2375][total available: 0; route allocated: 1 of 2147483647; total allocated: 1 of 2147483647]
19:04:56.527 [Test worker] DEBUG com.github.dockerjava.zerodep.shaded.org.apache.hc.client5.http.impl.io.PoolingHttpClientConnectionManager -- ex-00000006: acquired ep-00000005
19:04:56.527 [Test worker] DEBUG com.github.dockerjava.zerodep.shaded.org.apache.hc.client5.http.impl.classic.InternalHttpClient -- ex-00000006: acquired endpoint ep-00000005
19:04:56.527 [Test worker] DEBUG com.github.dockerjava.zerodep.shaded.org.apache.hc.client5.http.impl.classic.MainClientExec -- ex-00000006: executing GET /v1.32/containers/3d23b28bbb88e9a6dc36633d3601c8689d0c2ef6c7a7eca31185929dba75a8c5/json HTTP/1.1
19:04:56.527 [Test worker] DEBUG com.github.dockerjava.zerodep.shaded.org.apache.hc.client5.http.impl.classic.InternalHttpClient -- ep-00000005: start execution ex-00000006
19:04:56.527 [Test worker] DEBUG com.github.dockerjava.zerodep.shaded.org.apache.hc.client5.http.impl.io.PoolingHttpClientConnectionManager -- ep-00000005: executing exchange ex-00000006 over http-outgoing-0
19:04:56.527 [Test worker] DEBUG com.github.dockerjava.zerodep.shaded.org.apache.hc.client5.http.headers -- http-outgoing-0 >> GET /v1.32/containers/3d23b28bbb88e9a6dc36633d3601c8689d0c2ef6c7a7eca31185929dba75a8c5/json HTTP/1.1
19:04:56.527 [Test worker] DEBUG com.github.dockerjava.zerodep.shaded.org.apache.hc.client5.http.headers -- http-outgoing-0 >> accept: application/json
19:04:56.527 [Test worker] DEBUG com.github.dockerjava.zerodep.shaded.org.apache.hc.client5.http.headers -- http-outgoing-0 >> x-tc-sid: 1f399f0d-7ab6-47d2-bedc-41c5596e41f8
19:04:56.527 [Test worker] DEBUG com.github.dockerjava.zerodep.shaded.org.apache.hc.client5.http.headers -- http-outgoing-0 >> User-Agent: tc-java/1.19.1
19:04:56.527 [Test worker] DEBUG com.github.dockerjava.zerodep.shaded.org.apache.hc.client5.http.headers -- http-outgoing-0 >> Accept-Encoding: gzip, x-gzip, deflate
19:04:56.527 [Test worker] DEBUG com.github.dockerjava.zerodep.shaded.org.apache.hc.client5.http.headers -- http-outgoing-0 >> Host: localhost:2375
19:04:56.527 [Test worker] DEBUG com.github.dockerjava.zerodep.shaded.org.apache.hc.client5.http.headers -- http-outgoing-0 >> Connection: keep-alive
19:04:56.528 [Test worker] DEBUG com.github.dockerjava.zerodep.shaded.org.apache.hc.client5.http.wire -- http-outgoing-0 >> "GET /v1.32/containers/3d23b28bbb88e9a6dc36633d3601c8689d0c2ef6c7a7eca31185929dba75a8c5/json HTTP/1.1[\r][\n]"
19:04:56.528 [Test worker] DEBUG com.github.dockerjava.zerodep.shaded.org.apache.hc.client5.http.wire -- http-outgoing-0 >> "accept: application/json[\r][\n]"
19:04:56.528 [Test worker] DEBUG com.github.dockerjava.zerodep.shaded.org.apache.hc.client5.http.wire -- http-outgoing-0 >> "x-tc-sid: 1f399f0d-7ab6-47d2-bedc-41c5596e41f8[\r][\n]"
19:04:56.528 [Test worker] DEBUG com.github.dockerjava.zerodep.shaded.org.apache.hc.client5.http.wire -- http-outgoing-0 >> "User-Agent: tc-java/1.19.1[\r][\n]"
19:04:56.528 [Test worker] DEBUG com.github.dockerjava.zerodep.shaded.org.apache.hc.client5.http.wire -- http-outgoing-0 >> "Accept-Encoding: gzip, x-gzip, deflate[\r][\n]"
19:04:56.528 [Test worker] DEBUG com.github.dockerjava.zerodep.shaded.org.apache.hc.client5.http.wire -- http-outgoing-0 >> "Host: localhost:2375[\r][\n]"
19:04:56.528 [Test worker] DEBUG com.github.dockerjava.zerodep.shaded.org.apache.hc.client5.http.wire -- http-outgoing-0 >> "Connection: keep-alive[\r][\n]"
19:04:56.528 [Test worker] DEBUG com.github.dockerjava.zerodep.shaded.org.apache.hc.client5.http.wire -- http-outgoing-0 >> "[\r][\n]"
19:04:56.530 [Test worker] DEBUG com.github.dockerjava.zerodep.shaded.org.apache.hc.client5.http.wire -- http-outgoing-0 << "HTTP/1.1 200 OK[\r][\n]"
19:04:56.530 [Test worker] DEBUG com.github.dockerjava.zerodep.shaded.org.apache.hc.client5.http.wire -- http-outgoing-0 << "Api-Version: 1.45[\r][\n]"
19:04:56.530 [Test worker] DEBUG com.github.dockerjava.zerodep.shaded.org.apache.hc.client5.http.wire -- http-outgoing-0 << "Content-Type: application/json[\r][\n]"
19:04:56.530 [Test worker] DEBUG com.github.dockerjava.zerodep.shaded.org.apache.hc.client5.http.wire -- http-outgoing-0 << "Date: Fri, 19 Jul 2024 13:34:56 GMT[\r][\n]"
19:04:56.530 [Test worker] DEBUG com.github.dockerjava.zerodep.shaded.org.apache.hc.client5.http.wire -- http-outgoing-0 << "Docker-Experimental: false[\r][\n]"
19:04:56.530 [Test worker] DEBUG com.github.dockerjava.zerodep.shaded.org.apache.hc.client5.http.wire -- http-outgoing-0 << "Ostype: linux[\r][\n]"
19:04:56.530 [Test worker] DEBUG com.github.dockerjava.zerodep.shaded.org.apache.hc.client5.http.wire -- http-outgoing-0 << "Server: Docker/26.1.4 (linux)[\r][\n]"
19:04:56.530 [Test worker] DEBUG com.github.dockerjava.zerodep.shaded.org.apache.hc.client5.http.wire -- http-outgoing-0 << "Transfer-Encoding: chunked[\r][\n]"
19:04:56.530 [Test worker] DEBUG com.github.dockerjava.zerodep.shaded.org.apache.hc.client5.http.wire -- http-outgoing-0 << "[\r][\n]"
19:04:56.530 [Test worker] DEBUG com.github.dockerjava.zerodep.shaded.org.apache.hc.client5.http.headers -- http-outgoing-0 << HTTP/1.1 200 OK
19:04:56.530 [Test worker] DEBUG com.github.dockerjava.zerodep.shaded.org.apache.hc.client5.http.headers -- http-outgoing-0 << Api-Version: 1.45
19:04:56.530 [Test worker] DEBUG com.github.dockerjava.zerodep.shaded.org.apache.hc.client5.http.headers -- http-outgoing-0 << Content-Type: application/json
19:04:56.530 [Test worker] DEBUG com.github.dockerjava.zerodep.shaded.org.apache.hc.client5.http.headers -- http-outgoing-0 << Date: Fri, 19 Jul 2024 13:34:56 GMT
19:04:56.530 [Test worker] DEBUG com.github.dockerjava.zerodep.shaded.org.apache.hc.client5.http.headers -- http-outgoing-0 << Docker-Experimental: false
19:04:56.530 [Test worker] DEBUG com.github.dockerjava.zerodep.shaded.org.apache.hc.client5.http.headers -- http-outgoing-0 << Ostype: linux
19:04:56.530 [Test worker] DEBUG com.github.dockerjava.zerodep.shaded.org.apache.hc.client5.http.headers -- http-outgoing-0 << Server: Docker/26.1.4 (linux)
19:04:56.530 [Test worker] DEBUG com.github.dockerjava.zerodep.shaded.org.apache.hc.client5.http.headers -- http-outgoing-0 << Transfer-Encoding: chunked
19:04:56.530 [Test worker] DEBUG com.github.dockerjava.zerodep.shaded.org.apache.hc.client5.http.impl.classic.MainClientExec -- ex-00000006: connection can be kept alive for 3 MINUTES
19:04:56.531 [Test worker] DEBUG com.github.dockerjava.zerodep.shaded.org.apache.hc.client5.http.wire -- http-outgoing-0 << "10a8[\r][\n]"
19:04:56.531 [Test worker] DEBUG com.github.dockerjava.zerodep.shaded.org.apache.hc.client5.http.wire -- http-outgoing-0 << "{"Id":"3d23b28bbb88e9a6dc36633d3601c8689d0c2ef6c7a7eca31185929dba75a8c5","Created":"2024-07-19T13:34:56.385399796Z","Path":"/bin/ryuk","Args":[],"State":{"Status":"running","Running":true,"Paused":false,"Restarting":false,"OOMKilled":false,"Dead":false,"Pid":636,"ExitCode":0,"Error":"","StartedAt":"2024-07-19T13:34:56.514053713Z","FinishedAt":"0001-01-01T00:00:00Z"},"Image":"sha256:533abc56c07b52a26c955d1e7ae428d810582ab01c156384ae79960eb5fa0775","ResolvConfPath":"/var/lib/docker/containers/3d23b28bbb88e9a6dc36633d3601c8689d0c2ef6c7a7eca31185929dba75a8c5/resolv.conf","HostnamePath":"/var/lib/docker/containers/3d23b28bbb88e9a6dc36633d3601c8689d0c2ef6c7a7eca31185929dba75a8c5/hostname","HostsPath":"/var/lib/docker/containers/3d23b28bbb88e9a6dc36633d3601c8689d0c2ef6c7a7eca31185929dba75a8c5/hosts","LogPath":"/var/lib/docker/containers/3d23b28bbb88e9a6dc36633d3601c8689d0c2ef6c7a7eca31185929dba75a8c5/3d23b28bbb88e9a6dc36633d3601c8689d0c2ef6c7a7eca31185929dba75a8c5-json.log","Name":"/testcontainers-ryuk-1f399f0d-7ab6-47d2-bedc-41c5596e41f8","RestartCount":0,"Driver":"overlayfs","Platform":"linux","MountLabel":"","ProcessLabel":"","AppArmorProfile":"","ExecIDs":null,"HostConfig":{"Binds":["/var/run/docker.sock:/var/run/docker.sock:rw"],"ContainerIDFile":"","LogConfig":{"Type":"json-file","Config":{}},"NetworkMode":"bridge","PortBindings":{"8080/tcp":[{"HostIp":"0.0.0.0","HostPort":"0"}]},"RestartPolicy":{"Name":"no","MaximumRetryCount":0},"AutoRemove":true,"VolumeDriver":"","VolumesFrom":[],"ConsoleSize":[0,0],"CapAdd":null,"CapDrop":null,"CgroupnsMode":"private","Dns":null,"DnsOptions":null,"DnsSearch":null,"ExtraHosts":[],"GroupAdd":null,"IpcMode":"shareable","Cgroup":"","Links":null,"OomScoreAdj":0,"PidMode":"","Privileged":true,"PublishAllPorts":false,"ReadonlyRootfs":false,"SecurityOpt":["label=disable"],"UTSMode":"","UsernsMode":"","ShmSize":67108864,"Runtime":"runc","Isolation":"","CpuShares":0,"Memory":0,"NanoCpus":0,"CgroupParent":"","BlkioWeight":0,"BlkioWeightDevice":null,"BlkioDeviceReadBps":null,"BlkioDeviceWriteBps":null,"BlkioDeviceReadIOps":null,"BlkioDeviceWriteIOps":null,"CpuPeriod":0,"CpuQuota":0,"CpuRealtimePeriod":0,"CpuRealtimeRuntime":0,"CpusetCpus":"","CpusetMems":"","Devices":null,"DeviceCgroupRules":null,"DeviceRequests":null,"MemoryReservation":0,"MemorySwap":0,"MemorySwappiness":null,"OomKillDisable":null,"PidsLimit":null,"Ulimits":null,"CpuCount":0,"CpuPercent":0,"IOMaximumIOps":0,"IOMaximumBandwidth":0,"MaskedPaths":null,"ReadonlyPaths":null},"GraphDriver":{"Data":null,"Name":"overlayfs"},"Mounts":[{"Type":"bind","Source":"/var/run/docker.sock","Destination":"/var/run/docker.sock","Mode":"rw","RW":true,"Propagation":"rprivate"}],"Config":{"Hostname":"3d23b28bbb88","Domainname":"","User":"","AttachStdin":false,"AttachStdout":false,"AttachStderr":false,"ExposedPorts":{"8080/tcp":{}},"Tty":false,"OpenStdin":false,"StdinOnce":false,"Env":["PATH=/usr/local/sbin:/usr/local/bin:/usr/sbin:/usr/bin:/sbin:/bin"],"Cmd":["/bin/ryuk"],"Image":"testcontainers/ryuk:0.5.1","Volumes":null,"WorkingDir":"","Entrypoint":null,"OnBuild":null,"Labels":{"org.testcontainers":"true","org.testcontainers.lang":"java","org.testcontainers.ryuk":"true","org.testcontainers.version":"1.19.1"}},"NetworkSettings":{"Bridge":"","SandboxID":
[...]
2024-07-19T19:05:18.498+05:30  INFO 86805 --- [    Test worker] c.h.s.e.utils.TestUtils                  : Comparing column:put_area actual 2GL expected 2GL 
2024-07-19T19:05:18.498+05:30  INFO 86805 --- [    Test worker] c.h.s.e.utils.TestUtils                  : Comparing column:vendor_number actual 43954 expected 43954 
2024-07-19T19:05:18.498+05:30  INFO 86805 --- [    Test worker] c.h.s.e.utils.TestUtils                  : Comparing column:mhe_loaded actual N expected N 
2024-07-19T19:05:18.498+05:30  INFO 86805 --- [    Test worker] c.h.s.e.utils.TestUtils                  : Comparing column:sku_number actual 1007098445 expected 1007098445 
2024-07-19T19:05:18.498+05:30  INFO 86805 --- [    Test worker] c.h.s.e.utils.TestUtils                  : Comparing column:build_id actual 9ccb23d1-c1d0-4705-a721-3129b16e84e9 expected 9ccb23d1-c1d0-4705-a721-3129b16e84e9 
2024-07-19T19:05:18.498+05:30  INFO 86805 --- [    Test worker] c.h.s.e.utils.TestUtils                  : Comparing column:sku_description actual 1X12-8FT PRIMED FJ S4S BOARD expected 1X12-8FT PRIMED FJ S4S BOARD 
2024-07-19T19:05:18.498+05:30  INFO 86805 --- [    Test worker] c.h.s.e.utils.TestUtils                  : Comparing column:department actual 11 expected 11 
2024-07-19T19:05:18.498+05:30  INFO 86805 --- [    Test worker] c.h.s.e.utils.TestUtils                  : Comparing column:sku_class actual 22 expected 22 
2024-07-19T19:05:18.498+05:30  INFO 86805 --- [    Test worker] c.h.s.e.utils.TestUtils                  : Comparing column:sku_sub_class actual 33 expected 33 
2024-07-19T19:05:18.522+05:30  INFO 86805 --- [    Test worker] nterpriseLaborManagementApplicationTests : Topic deleted with name elm_topic_test
2024-07-19T19:05:18.529+05:30  INFO 86805 --- [    Test worker] nterpriseLaborManagementApplicationTests : Subscription deleted with name elm_subscription_test
2024-07-19T19:05:18.537+05:30  INFO 86805 --- [    Test worker] nterpriseLaborManagementApplicationTests : Topic created with name projects/test-project/topics/elm_topic_test
2024-07-19T19:05:18.549+05:30  INFO 86805 --- [    Test worker] nterpriseLaborManagementApplicationTests : Subscription created with name projects/test-project/subscriptions/elm_subscription_test Listening to topic projects/test-project/topics/elm_topic_test 
2024-07-19T19:05:18.558+05:30  INFO 86805 --- [    Test worker] nterpriseLaborManagementApplicationTests : Table 'elm_events_test' removed
2024-07-19T19:05:18.566+05:30  INFO 86805 --- [    Test worker] nterpriseLaborManagementApplicationTests : Dataset 'elm_integration_test' removed
2024-07-19T19:05:18.572+05:30  INFO 86805 --- [    Test worker] nterpriseLaborManagementApplicationTests : Dataset 'elm_integration_test' created
2024-07-19T19:05:18.587+05:30  INFO 86805 --- [    Test worker] nterpriseLaborManagementApplicationTests : Table 'GenericData{classInfo=[datasetId, projectId, tableId], {datasetId=elm_integration_test, projectId=test-project, tableId=elm_events_test}}' created
2024-07-19T19:05:18.607+05:30  INFO 86805 --- [ault-executor-0] nterpriseLaborManagementApplicationTests : Published message ID: 4
2024-07-19T19:05:18.610+05:30  INFO 86805 --- [    Test worker] nterpriseLaborManagementApplicationTests : Listening for messages on elm_subscription_test
2024-07-19T19:05:18.681+05:30  INFO 86805 --- [         Gax-26] nterpriseLaborManagementApplicationTests : pubsubInputChannel: PubSub message received with ID: 4 Payload: {
  "attributes": {
    "schemaUrl": "<insert schema url>",
    "contract_version": "0.1",
    "source": "HDW",
    "platform": "FDC",
    "dc_number": "5865",
    "action": "PICK_LPN_FROM_ACTIVE_LM",
    "activity": "PICK_LPN_FROM_ACTIVE_LM",
    "event_type": "DIRECT",
    "publish_timestamp": "2024-01-12T19:54:58.813",
    "trace_id": "6e0ed4f6-00c8-4676-8a4a-529c0a713833",
    "task_id": ""
  },
  "data": {
    "user_id": "john_smith@homedepot.com",
    "ldap_id": "stc9000",
    "transaction_id": "03ac8-46b76-8aca",
    "vehicle": {
      "assigned_vehicle": "FORKLIFT",
      "vehicle_id": ""
    },
    "lpns": [
      {
        "parent_lpn_id": "",
        "lpn_number": "1",
        "container_type": "",
        "locations": [
          {
            "transaction_timestamp": "2024-01-12T19:54:58.813",
            "start_location": "ABC",
            "end_location": "XYZ",
            "start_zone": "Zone1",
            "end_zone": "Zone2",
            "start_location_type": "BLK",
            "end_location_type": "RSV",
            "pick_area": "",
            "put_area": "",
            "skus": [
              {
                "sku_number": "1007098445",
                "build_id": "9ccb23d1-c1d0-4705-a721-3129b16e84e9",
                "sku_description": "1X12-8FT PRIMED FJ S4S BOARD",
                "department": "11",
                "sku_class": "22",
                "sku_sub_class": "44",
                "special_handling": "",
                "build_on_method": "",
                "secure_method": "",
                "unload_type": ""
              }
            ],
            "location_uom": "CA",
            "location_qty": "28",
            "uom_qty": "4",
            "reason_code": "",
            "inbound_outbound_indicator": "O",
            "order_category": "",
            "shipment_number": "",
            "shipment_type_id": "",
            "shipment_route": "",
            "shipment_stop": "",
            "store_number": "",
            "vendor_number": "",
            "lpn_status": "",
            "mhe_loaded": "Y"
          }
        ]
      }
    ],
    "builds": [
      {
        "build_id": "9ccb23d1-c1d0-4705-a721-3129b16e84e9",
        "sku": "1007098445",
        "package_hierarchy": [
          {
            "depth": 0.75,
            "weight_uom": "LB",
            "size_uom": "IN",
            "hierarchy_level_code": "EA",
            "package_unit_qty": "1",
            "i_package_unit_qty": 1,
            "width": 7.25,
            "weight": 13.25,
            "package_each_qty": "1",
            "i_package_each_qty": 1,
            "height": 144
          },
          {
            "depth": 13.546,
            "weight_uom": "LB",
            "size_uom": "IN",
            "hierarchy_level_code": "PL",
            "package_unit_qty": "78",
            "i_package_unit_qty": 78,
            "width": 7.78,
            "weight": 800,
            "package_each_qty": "12",
            "i_package_each_qty": 12,
            "height": 12
          },
          {
            "depth": 144,
            "weight_uom": "LB",
            "size_uom": "IN",
            "hierarchy_level_code": "CA",
            "package_unit_qty": "96",
            "i_package_unit_qty": 96,
            "width": 48,
            "weight": 1272,
            "package_each_qty": "10",
            "i_package_each_qty": 10,
            "height": 15
          }
        ]
      }
    ]
  }
}
2024-07-19T19:05:18.705+05:30  INFO 86805 --- [         Gax-26] c.h.s.e.s.ElmTransactionBigQueryService  : Successfully inserted transaction with id: 03ac8-46b76-8aca 
2024-07-19T19:05:18.705+05:30  INFO 86805 --- [         Gax-26] c.h.s.e.services.PubSubConsumerService   : ElmTransactionBigQueryService: Acknowledgement sent for PubSub message with ID: 4
2024-07-19T19:05:23.640+05:30  INFO 86805 --- [    Test worker] c.h.s.e.utils.TestUtils                  : Running comparison for row :{contract_version=0.1, source=HDW, event_type=DIRECT, platform=FDC, dc_number=5865, activity=PICK_LPN_FROM_ACTIVE_LM, action=PICK_LPN_FROM_ACTIVE_LM, trace_id=6e0ed4f6-00c8-4676-8a4a-529c0a713833, publish_timestamp=2024-01-12T19:54:58.813, task_id=, user_id=john_smith@homedepot.com, ldap_id=stc9000, transaction_id=03ac8-46b76-8aca, vehicle_id=, assigned_vehicle=FORKLIFT, lpn_number=1, parent_lpn_id=, container_type=, transaction_timestamp=2024-01-12T19:54:58.813, start_location=ABC, end_location=XYZ, start_zone=Zone1, end_zone=Zone2, start_location_type=BLK, end_location_type=RSV, location_uom=CA, location_qty=28, uom_qty=4, inbound_outbound_indicator=O, pick_area=, put_area=, reason_code=, order_category=, shipment_number=, shipment_type_id=, shipment_route=, shipment_stop=, store_number=, service_type=, vendor_number=, trailer_number=, scac=, lpn_status=, shipment_lpn_error_type=, mhe_loaded=Y, sku_number=1007098445, build_id=9ccb23d1-c1d0-4705-a721-3129b16e84e9, sku_description=1X12-8FT PRIMED FJ S4S BOARD, department=11, sku_class=22, sku_sub_class=44, special_handling=, build_on_method=, secure_method=, unload_type=}
2024-07-19T19:05:23.640+05:30  INFO 86805 --- [    Test worker] c.h.s.e.utils.TestUtils                  : Comparing column:contract_version actual 0.1 expected 0.1 
2024-07-19T19:05:23.641+05:30  INFO 86805 --- [    Test worker] c.h.s.e.utils.TestUtils                  : Comparing column:source actual HDW expected HDW 
2024-07-19T19:05:23.641+05:30  INFO 86805 --- [    Test worker] c.h.s.e.utils.TestUtils                  : Comparing column:event_type actual DIRECT expected DIRECT 
2024-07-19T19:05:23.641+05:30  INFO 86805 --- [    Test worker] c.h.s.e.utils.TestUtils                  : Comparing column:platform actual FDC expected FDC 
2024-07-19T19:05:23.641+05:30  INFO 86805 --- [    Test worker] c.h.s.e.utils.TestUtils                  : Comparing column:dc_number actual 5865 expected 5865 
2024-07-19T19:05:23.641+05:30  INFO 86805 --- [    Test worker] c.h.s.e.utils.TestUtils                  : Comparing column:activity actual PICK_LPN_FROM_ACTIVE_LM expected PICK_LPN_FROM_ACTIVE_LM 
2024-07-19T19:05:23.641+05:30  INFO 86805 --- [    Test worker] c.h.s.e.utils.TestUtils                  : Comparing column:action actual PICK_LPN_FROM_ACTIVE_LM expected PICK_LPN_FROM_ACTIVE_LM 
2024-07-19T19:05:23.641+05:30  INFO 86805 --- [    Test worker] c.h.s.e.utils.TestUtils                  : Comparing column:trace_id actual 6e0ed4f6-00c8-4676-8a4a-529c0a713833 expected 6e0ed4f6-00c8-4676-8a4a-529c0a713833 
2024-07-19T19:05:23.641+05:30  INFO 86805 --- [    Test worker] c.h.s.e.utils.TestUtils                  : Comparing column:publish_timestamp actual 1705089298.813000 expected 2024-01-12T19:54:58.813 
2024-07-19T19:05:23.641+05:30  INFO 86805 --- [    Test worker] c.h.s.e.utils.TestUtils                  : Comparing column:user_id actual john_smith@homedepot.com expected john_smith@homedepot.com 
2024-07-19T19:05:23.641+05:30  INFO 86805 --- [    Test worker] c.h.s.e.utils.TestUtils                  : Comparing column:ldap_id actual stc9000 expected stc9000 
2024-07-19T19:05:23.641+05:30  INFO 86805 --- [    Test worker] c.h.s.e.utils.TestUtils                  : Comparing column:transaction_id actual 03ac8-46b76-8aca expected 03ac8-46b76-8aca 
2024-07-19T19:05:23.641+05:30  INFO 86805 --- [    Test worker] c.h.s.e.utils.TestUtils                  : Comparing column:assigned_vehicle actual FORKLIFT expected FORKLIFT 
2024-07-19T19:05:23.641+05:30  INFO 86805 --- [    Test worker] c.h.s.e.utils.TestUtils                  : Comparing column:lpn_number actual 1 expected 1 
2024-07-19T19:05:23.641+05:30  INFO 86805 --- [    Test worker] c.h.s.e.utils.TestUtils                  : Comparing column:transaction_timestamp actual 1705089298.813000 expected 2024-01-12T19:54:58.813 
2024-07-19T19:05:23.641+05:30  INFO 86805 --- [    Test worker] c.h.s.e.utils.TestUtils                  : Comparing column:start_location actual ABC expected ABC 
2024-07-19T19:05:23.641+05:30  INFO 86805 --- [    Test worker] c.h.s.e.utils.TestUtils                  : Comparing column:end_location actual XYZ expected XYZ 
2024-07-19T19:05:23.641+05:30  INFO 86805 --- [    Test worker] c.h.s.e.utils.TestUtils                  : Comparing column:start_zone actual Zone1 expected Zone1 
2024-07-19T19:05:23.641+05:30  INFO 86805 --- [    Test worker] c.h.s.e.utils.TestUtils                  : Comparing column:end_zone actual Zone2 expected Zone2 
2024-07-19T19:05:23.641+05:30  INFO 86805 --- [    Test worker] c.h.s.e.utils.TestUtils                  : Comparing column:start_location_type actual BLK expected BLK 
2024-07-19T19:05:23.641+05:30  INFO 86805 --- [    Test worker] c.h.s.e.utils.TestUtils                  : Comparing column:end_location_type actual RSV expected RSV 
2024-07-19T19:05:23.641+05:30  INFO 86805 --- [    Test worker] c.h.s.e.utils.TestUtils                  : Comparing column:location_uom actual CA expected CA 
2024-07-19T19:05:23.641+05:30  INFO 86805 --- [    Test worker] c.h.s.e.utils.TestUtils                  : Comparing column:location_qty actual 28 expected 28 
2024-07-19T19:05:23.641+05:30  INFO 86805 --- [    Test worker] c.h.s.e.utils.TestUtils                  : Comparing column:uom_qty actual 4 expected 4 
2024-07-19T19:05:23.641+05:30  INFO 86805 --- [    Test worker] c.h.s.e.utils.TestUtils                  : Comparing column:inbound_outbound_indicator actual O expected O 
2024-07-19T19:05:23.641+05:30  INFO 86805 --- [    Test worker] c.h.s.e.utils.TestUtils                  : Comparing column:mhe_loaded actual Y expected Y 
2024-07-19T19:05:23.641+05:30  INFO 86805 --- [    Test worker] c.h.s.e.utils.TestUtils                  : Comparing column:sku_number actual 1007098445 expected 1007098445 
2024-07-19T19:05:23.641+05:30  INFO 86805 --- [    Test worker] c.h.s.e.utils.TestUtils                  : Comparing column:build_id actual 9ccb23d1-c1d0-4705-a721-3129b16e84e9 expected 9ccb23d1-c1d0-4705-a721-3129b16e84e9 
2024-07-19T19:05:23.641+05:30  INFO 86805 --- [    Test worker] c.h.s.e.utils.TestUtils                  : Comparing column:sku_description actual 1X12-8FT PRIMED FJ S4S BOARD expected 1X12-8FT PRIMED FJ S4S BOARD 
2024-07-19T19:05:23.641+05:30  INFO 86805 --- [    Test worker] c.h.s.e.utils.TestUtils                  : Comparing column:department actual 11 expected 11 
2024-07-19T19:05:23.641+05:30  INFO 86805 --- [    Test worker] c.h.s.e.utils.TestUtils                  : Comparing column:sku_class actual 22 expected 22 
2024-07-19T19:05:23.641+05:30  INFO 86805 --- [    Test worker] c.h.s.e.utils.TestUtils                  : Comparing column:sku_sub_class actual 44 expected 44 
2024-07-19T19:05:23.669+05:30  INFO 86805 --- [    Test worker] nterpriseLaborManagementApplicationTests : Topic deleted with name elm_topic_test
2024-07-19T19:05:23.679+05:30  INFO 86805 --- [    Test worker] nterpriseLaborManagementApplicationTests : Subscription deleted with name elm_subscription_test
2024-07-19T19:05:23.691+05:30  INFO 86805 --- [    Test worker] nterpriseLaborManagementApplicationTests : Topic created with name projects/test-project/topics/elm_topic_test
2024-07-19T19:05:23.696+05:30  INFO 86805 --- [    Test worker] nterpriseLaborManagementApplicationTests : Subscription created with name projects/test-project/subscriptions/elm_subscription_test Listening to topic projects/test-project/topics/elm_topic_test 
2024-07-19T19:05:23.706+05:30  INFO 86805 --- [    Test worker] nterpriseLaborManagementApplicationTests : Table 'elm_events_test' removed
2024-07-19T19:05:23.712+05:30  INFO 86805 --- [    Test worker] nterpriseLaborManagementApplicationTests : Dataset 'elm_integration_test' removed
2024-07-19T19:05:23.719+05:30  INFO 86805 --- [    Test worker] nterpriseLaborManagementApplicationTests : Dataset 'elm_integration_test' created
2024-07-19T19:05:23.735+05:30  INFO 86805 --- [    Test worker] nterpriseLaborManagementApplicationTests : Table 'GenericData{classInfo=[datasetId, projectId, tableId], {datasetId=elm_integration_test, projectId=test-project, tableId=elm_events_test}}' created
2024-07-19T19:05:23.744+05:30  INFO 86805 --- [ault-executor-0] nterpriseLaborManagementApplicationTests : Published message ID: 5
2024-07-19T19:05:23.746+05:30  INFO 86805 --- [    Test worker] nterpriseLaborManagementApplicationTests : Listening for messages on elm_subscription_test
2024-07-19T19:05:23.808+05:30  INFO 86805 --- [         Gax-34] nterpriseLaborManagementApplicationTests : pubsubInputChannel: PubSub message received with ID: 5 Payload: {
  "attributes": {
    "schemaUrl": "<insert schema url>",
    "contract_version": 0.1,
    "source": "HDW",
    "event_type": "INDIRECT",
    "platform": "FDC",
    "dc_number": "5865",
    "action": "INDIRECT_BATTERY_CHANGE_LM",
    "activity": "INDIRECT_BATTERY_CHANGE_LM",
    "publish_timestamp": "2024-01-12T19:54:58.813",
    "trace_id": "6e0ed4f6-00c8-4676-8a4a-529c0a713833"
  },
  "data": {
    "user_id": "john_smith@homedepot.com",
    "ldap_id": "stc9000",
    "transaction_id": "ef23415ef78da234",
    "transaction_timestamp": "2024-01-12T19:54:58.813"
  }
}
2024-07-19T19:05:23.823+05:30  INFO 86805 --- [         Gax-34] c.h.s.e.s.ElmTransactionBigQueryService  : Successfully inserted transaction with id: ef23415ef78da234 
2024-07-19T19:05:23.823+05:30  INFO 86805 --- [         Gax-34] c.h.s.e.services.PubSubConsumerService   : ElmTransactionBigQueryService: Acknowledgement sent for PubSub message with ID: 5
2024-07-19T19:05:28.776+05:30  INFO 86805 --- [    Test worker] c.h.s.e.utils.TestUtils                  : Running comparison for row :{contract_version=0.1, source=HDW, event_type=INDIRECT, platform=FDC, dc_number=5865, activity=INDIRECT_BATTERY_CHANGE_LM, action=INDIRECT_BATTERY_CHANGE_LM, trace_id=6e0ed4f6-00c8-4676-8a4a-529c0a713833, publish_timestamp=2024-01-12T19:54:58.813, task_id=, user_id=john_smith@homedepot.com, ldap_id=stc9000, transaction_id=ef23415ef78da234, transaction_timestamp=2024-01-12T19:54:58.813}
2024-07-19T19:05:28.777+05:30  INFO 86805 --- [    Test worker] c.h.s.e.utils.TestUtils                  : Comparing column:contract_version actual 0.1 expected 0.1 
2024-07-19T19:05:28.777+05:30  INFO 86805 --- [    Test worker] c.h.s.e.utils.TestUtils                  : Comparing column:source actual HDW expected HDW 
2024-07-19T19:05:28.777+05:30  INFO 86805 --- [    Test worker] c.h.s.e.utils.TestUtils                  : Comparing column:event_type actual INDIRECT expected INDIRECT 
2024-07-19T19:05:28.777+05:30  INFO 86805 --- [    Test worker] c.h.s.e.utils.TestUtils                  : Comparing column:platform actual FDC expected FDC 
2024-07-19T19:05:28.777+05:30  INFO 86805 --- [    Test worker] c.h.s.e.utils.TestUtils                  : Comparing column:dc_number actual 5865 expected 5865 
2024-07-19T19:05:28.777+05:30  INFO 86805 --- [    Test worker] c.h.s.e.utils.TestUtils                  : Comparing column:activity actual INDIRECT_BATTERY_CHANGE_LM expected INDIRECT_BATTERY_CHANGE_LM 
2024-07-19T19:05:28.777+05:30  INFO 86805 --- [    Test worker] c.h.s.e.utils.TestUtils                  : Comparing column:action actual INDIRECT_BATTERY_CHANGE_LM expected INDIRECT_BATTERY_CHANGE_LM 
2024-07-19T19:05:28.777+05:30  INFO 86805 --- [    Test worker] c.h.s.e.utils.TestUtils                  : Comparing column:trace_id actual 6e0ed4f6-00c8-4676-8a4a-529c0a713833 expected 6e0ed4f6-00c8-4676-8a4a-529c0a713833 
2024-07-19T19:05:28.777+05:30  INFO 86805 --- [    Test worker] c.h.s.e.utils.TestUtils                  : Comparing column:publish_timestamp actual 1705089298.813000 expected 2024-01-12T19:54:58.813 
2024-07-19T19:05:28.777+05:30  INFO 86805 --- [    Test worker] c.h.s.e.utils.TestUtils                  : Comparing column:user_id actual john_smith@homedepot.com expected john_smith@homedepot.com 
2024-07-19T19:05:28.777+05:30  INFO 86805 --- [    Test worker] c.h.s.e.utils.TestUtils                  : Comparing column:ldap_id actual stc9000 expected stc9000 
2024-07-19T19:05:28.777+05:30  INFO 86805 --- [    Test worker] c.h.s.e.utils.TestUtils                  : Comparing column:transaction_id actual ef23415ef78da234 expected ef23415ef78da234 
2024-07-19T19:05:28.777+05:30  INFO 86805 --- [    Test worker] c.h.s.e.utils.TestUtils                  : Comparing column:transaction_timestamp actual 1705089298.813000 expected 2024-01-12T19:54:58.813 
]]></system-out>
  <system-err><![CDATA[]]></system-err>
</testsuite>
